{"contracts/QuestAchievements.sol":{"l":{"343":0,"345":0,"346":0,"350":0,"351":0,"352":0,"355":0,"357":0,"360":0,"362":0,"365":0,"367":0,"370":0,"373":0,"375":0,"377":0,"379":0,"381":0,"383":0,"385":0,"387":0,"403":0,"418":0,"422":0,"432":1,"438":1,"449":0,"455":0,"462":3,"463":3,"465":0,"466":0,"467":0,"468":0,"469":0,"471":0,"472":0,"473":0,"474":0,"475":0,"477":0,"481":3,"485":1,"486":1,"487":1,"488":1,"490":1,"493":1,"501":3,"502":3,"504":3,"518":0,"519":0,"522":0,"525":0,"527":0,"529":0,"575":0},"path":"/Users/ale/Desktop/ForgottenQuests/contracts/QuestAchievements.sol","s":{"1":0,"2":0,"3":0,"4":0,"5":0,"6":0,"7":0,"8":0,"9":0,"10":0,"11":0,"12":0,"13":0,"14":0,"15":0,"16":0,"17":0,"18":0,"19":0,"20":0,"21":0,"22":0,"23":0,"24":0,"25":0,"26":0,"27":1,"28":1,"29":0,"30":0,"31":3,"32":3,"33":0,"34":0,"35":0,"36":0,"37":0,"38":0,"39":0,"40":0,"41":0,"42":0,"43":3,"44":1,"45":1,"46":1,"47":1,"48":1,"49":1,"50":3,"51":3,"52":3,"53":0,"54":0,"55":0,"56":0,"57":0,"58":0,"59":0},"b":{"1":[0,0],"2":[0,0],"3":[0,0],"4":[3,0],"5":[0,0]},"f":{"1":6,"2":0,"3":1,"4":0,"5":3,"6":3,"7":1,"8":3,"9":0},"fnMap":{"1":{"name":"constructor","line":335,"loc":{"start":{"line":335,"column":4},"end":{"line":335,"column":64}}},"2":{"name":"tokenURI","line":337,"loc":{"start":{"line":337,"column":4},"end":{"line":423,"column":4}}},"3":{"name":"mint","line":425,"loc":{"start":{"line":425,"column":4},"end":{"line":439,"column":4}}},"4":{"name":"mintWithName","line":441,"loc":{"start":{"line":441,"column":4},"end":{"line":456,"column":4}}},"5":{"name":"toString","line":458,"loc":{"start":{"line":458,"column":4},"end":{"line":478,"column":4}}},"6":{"name":"random","line":480,"loc":{"start":{"line":480,"column":4},"end":{"line":482,"column":4}}},"7":{"name":"getName","line":484,"loc":{"start":{"line":484,"column":4},"end":{"line":494,"column":4}}},"8":{"name":"pluck","line":496,"loc":{"start":{"line":496,"column":4},"end":{"line":505,"column":4}}},"9":{"name":"encode","line":517,"loc":{"start":{"line":517,"column":4},"end":{"line":576,"column":4}}}},"statementMap":{"1":{"start":{"line":343,"column":8},"end":{"line":343,"column":52}},"2":{"start":{"line":345,"column":8},"end":{"line":345,"column":31}},"3":{"start":{"line":346,"column":8},"end":{"line":346,"column":7618}},"4":{"start":{"line":350,"column":8},"end":{"line":350,"column":30}},"5":{"start":{"line":351,"column":8},"end":{"line":351,"column":7692}},"6":{"start":{"line":352,"column":12},"end":{"line":352,"column":7815}},"7":{"start":{"line":355,"column":12},"end":{"line":355,"column":33}},"8":{"start":{"line":356,"column":15},"end":{"line":356,"column":7902}},"9":{"start":{"line":357,"column":12},"end":{"line":357,"column":8024}},"10":{"start":{"line":360,"column":12},"end":{"line":360,"column":28}},"11":{"start":{"line":361,"column":15},"end":{"line":361,"column":8106}},"12":{"start":{"line":362,"column":12},"end":{"line":362,"column":8226}},"13":{"start":{"line":365,"column":12},"end":{"line":365,"column":28}},"14":{"start":{"line":367,"column":12},"end":{"line":367,"column":8405}},"15":{"start":{"line":370,"column":12},"end":{"line":370,"column":28}},"16":{"start":{"line":373,"column":8},"end":{"line":373,"column":69}},"17":{"start":{"line":375,"column":8},"end":{"line":375,"column":30}},"18":{"start":{"line":377,"column":8},"end":{"line":377,"column":68}},"19":{"start":{"line":379,"column":8},"end":{"line":379,"column":39}},"20":{"start":{"line":381,"column":8},"end":{"line":381,"column":72}},"21":{"start":{"line":383,"column":8},"end":{"line":383,"column":50}},"22":{"start":{"line":385,"column":8},"end":{"line":385,"column":40}},"23":{"start":{"line":387,"column":8},"end":{"line":387,"column":8888}},"24":{"start":{"line":403,"column":8},"end":{"line":403,"column":9269}},"25":{"start":{"line":418,"column":8},"end":{"line":418,"column":9923}},"26":{"start":{"line":422,"column":8},"end":{"line":422,"column":21}},"27":{"start":{"line":432,"column":8},"end":{"line":432,"column":10216}},"28":{"start":{"line":438,"column":8},"end":{"line":438,"column":29}},"29":{"start":{"line":449,"column":8},"end":{"line":449,"column":10622}},"30":{"start":{"line":455,"column":8},"end":{"line":455,"column":29}},"31":{"start":{"line":462,"column":8},"end":{"line":462,"column":11087}},"32":{"start":{"line":463,"column":12},"end":{"line":463,"column":22}},"33":{"start":{"line":465,"column":8},"end":{"line":465,"column":28}},"34":{"start":{"line":466,"column":8},"end":{"line":466,"column":22}},"35":{"start":{"line":467,"column":8},"end":{"line":467,"column":11201}},"36":{"start":{"line":469,"column":12},"end":{"line":469,"column":21}},"37":{"start":{"line":471,"column":8},"end":{"line":471,"column":47}},"38":{"start":{"line":472,"column":8},"end":{"line":472,"column":11334}},"39":{"start":{"line":473,"column":12},"end":{"line":473,"column":22}},"40":{"start":{"line":474,"column":12},"end":{"line":474,"column":67}},"41":{"start":{"line":475,"column":12},"end":{"line":475,"column":22}},"42":{"start":{"line":477,"column":8},"end":{"line":477,"column":29}},"43":{"start":{"line":481,"column":8},"end":{"line":481,"column":58}},"44":{"start":{"line":485,"column":8},"end":{"line":485,"column":30}},"45":{"start":{"line":486,"column":8},"end":{"line":486,"column":41}},"46":{"start":{"line":487,"column":8},"end":{"line":487,"column":39}},"47":{"start":{"line":488,"column":8},"end":{"line":488,"column":43}},"48":{"start":{"line":490,"column":8},"end":{"line":490,"column":11915}},"49":{"start":{"line":493,"column":8},"end":{"line":493,"column":21}},"50":{"start":{"line":501,"column":8},"end":{"line":501,"column":48}},"51":{"start":{"line":502,"column":8},"end":{"line":502,"column":69}},"52":{"start":{"line":504,"column":8},"end":{"line":504,"column":21}},"53":{"start":{"line":518,"column":8},"end":{"line":518,"column":33}},"54":{"start":{"line":519,"column":8},"end":{"line":519,"column":31}},"55":{"start":{"line":519,"column":22},"end":{"line":519,"column":31}},"56":{"start":{"line":522,"column":8},"end":{"line":522,"column":48}},"57":{"start":{"line":525,"column":8},"end":{"line":525,"column":56}},"58":{"start":{"line":527,"column":8},"end":{"line":527,"column":34}},"59":{"start":{"line":575,"column":8},"end":{"line":575,"column":29}}},"branchMap":{"1":{"line":351,"type":"if","locations":[{"start":{"line":351,"column":8},"end":{"line":351,"column":8}},{"start":{"line":351,"column":8},"end":{"line":351,"column":8}}]},"2":{"line":356,"type":"if","locations":[{"start":{"line":356,"column":15},"end":{"line":356,"column":15}},{"start":{"line":356,"column":15},"end":{"line":356,"column":15}}]},"3":{"line":361,"type":"if","locations":[{"start":{"line":361,"column":15},"end":{"line":361,"column":15}},{"start":{"line":361,"column":15},"end":{"line":361,"column":15}}]},"4":{"line":462,"type":"if","locations":[{"start":{"line":462,"column":8},"end":{"line":462,"column":8}},{"start":{"line":462,"column":8},"end":{"line":462,"column":8}}]},"5":{"line":519,"type":"if","locations":[{"start":{"line":519,"column":8},"end":{"line":519,"column":8}},{"start":{"line":519,"column":8},"end":{"line":519,"column":8}}]}}},"contracts/quests/BaseQuest.sol":{"l":{"42":1,"43":1,"44":1,"45":1,"50":13,"54":12,"55":12,"60":12,"64":12,"74":12,"75":12,"81":11,"82":11,"84":11,"86":11,"87":10,"88":9,"89":9,"90":9,"93":9,"98":8,"103":3,"104":3,"105":3,"109":2,"110":1,"111":1,"114":1,"116":1,"121":1,"131":3,"132":3,"133":3,"137":2,"140":1,"145":1,"147":1,"148":1,"152":12,"156":3},"path":"/Users/ale/Desktop/ForgottenQuests/contracts/quests/BaseQuest.sol","s":{"1":1,"2":1,"3":1,"4":1,"5":13,"6":12,"7":12,"8":12,"9":12,"10":12,"11":12,"12":11,"13":11,"14":11,"15":11,"16":10,"17":9,"18":9,"19":9,"20":9,"21":8,"22":3,"23":3,"24":3,"25":2,"26":1,"27":1,"28":1,"29":1,"30":1,"31":3,"32":3,"33":3,"34":2,"35":1,"36":1,"37":1,"38":1,"39":12,"40":3},"b":{"1":[12,1],"2":[10,1],"3":[9,1],"4":[2,1],"5":[1,1],"6":[2,1],"7":[1,1]},"f":{"1":1,"2":13,"3":11,"4":3,"5":3,"6":12,"7":3},"fnMap":{"1":{"name":"initBaseQuests","line":37,"loc":{"start":{"line":37,"column":4},"end":{"line":46,"column":4}}},"2":{"name":"newBaseQuest","line":49,"loc":{"start":{"line":49,"column":4},"end":{"line":78,"column":4}}},"3":{"name":"acceptBaseQuest","line":80,"loc":{"start":{"line":80,"column":4},"end":{"line":99,"column":4}}},"4":{"name":"completeBaseQuest","line":102,"loc":{"start":{"line":102,"column":4},"end":{"line":128,"column":4}}},"5":{"name":"abandonBaseQuest","line":130,"loc":{"start":{"line":130,"column":4},"end":{"line":149,"column":4}}},"6":{"name":"getBaseQuest","line":151,"loc":{"start":{"line":151,"column":4},"end":{"line":153,"column":4}}},"7":{"name":"getNrOfBaseQuests","line":155,"loc":{"start":{"line":155,"column":4},"end":{"line":157,"column":4}}}},"statementMap":{"1":{"start":{"line":42,"column":8},"end":{"line":42,"column":49}},"2":{"start":{"line":43,"column":8},"end":{"line":43,"column":64}},"3":{"start":{"line":44,"column":8},"end":{"line":44,"column":49}},"4":{"start":{"line":45,"column":8},"end":{"line":45,"column":31}},"5":{"start":{"line":50,"column":8},"end":{"line":50,"column":1403}},"6":{"start":{"line":54,"column":8},"end":{"line":54,"column":46}},"7":{"start":{"line":55,"column":8},"end":{"line":55,"column":1577}},"8":{"start":{"line":60,"column":8},"end":{"line":60,"column":1714}},"9":{"start":{"line":64,"column":8},"end":{"line":64,"column":1858}},"10":{"start":{"line":74,"column":8},"end":{"line":74,"column":27}},"11":{"start":{"line":75,"column":8},"end":{"line":75,"column":2259}},"12":{"start":{"line":81,"column":8},"end":{"line":81,"column":42}},"13":{"start":{"line":82,"column":8},"end":{"line":82,"column":78}},"14":{"start":{"line":84,"column":8},"end":{"line":84,"column":67}},"15":{"start":{"line":86,"column":8},"end":{"line":86,"column":73}},"16":{"start":{"line":87,"column":8},"end":{"line":87,"column":67}},"17":{"start":{"line":88,"column":8},"end":{"line":88,"column":37}},"18":{"start":{"line":89,"column":8},"end":{"line":89,"column":42}},"19":{"start":{"line":90,"column":8},"end":{"line":90,"column":32}},"20":{"start":{"line":93,"column":8},"end":{"line":93,"column":2948}},"21":{"start":{"line":98,"column":8},"end":{"line":98,"column":52}},"22":{"start":{"line":103,"column":8},"end":{"line":103,"column":42}},"23":{"start":{"line":104,"column":8},"end":{"line":104,"column":78}},"24":{"start":{"line":105,"column":8},"end":{"line":105,"column":3404}},"25":{"start":{"line":109,"column":8},"end":{"line":109,"column":70}},"26":{"start":{"line":110,"column":8},"end":{"line":110,"column":53}},"27":{"start":{"line":111,"column":8},"end":{"line":111,"column":73}},"28":{"start":{"line":114,"column":8},"end":{"line":114,"column":60}},"29":{"start":{"line":116,"column":8},"end":{"line":116,"column":3826}},"30":{"start":{"line":121,"column":8},"end":{"line":121,"column":3956}},"31":{"start":{"line":131,"column":8},"end":{"line":131,"column":42}},"32":{"start":{"line":132,"column":8},"end":{"line":132,"column":78}},"33":{"start":{"line":133,"column":8},"end":{"line":133,"column":4354}},"34":{"start":{"line":137,"column":8},"end":{"line":137,"column":62}},"35":{"start":{"line":140,"column":8},"end":{"line":140,"column":4644}},"36":{"start":{"line":145,"column":8},"end":{"line":145,"column":71}},"37":{"start":{"line":147,"column":8},"end":{"line":147,"column":53}},"38":{"start":{"line":148,"column":8},"end":{"line":148,"column":73}},"39":{"start":{"line":152,"column":8},"end":{"line":152,"column":27}},"40":{"start":{"line":156,"column":8},"end":{"line":156,"column":30}}},"branchMap":{"1":{"line":50,"type":"if","locations":[{"start":{"line":50,"column":8},"end":{"line":50,"column":8}},{"start":{"line":50,"column":8},"end":{"line":50,"column":8}}]},"2":{"line":86,"type":"if","locations":[{"start":{"line":86,"column":8},"end":{"line":86,"column":8}},{"start":{"line":86,"column":8},"end":{"line":86,"column":8}}]},"3":{"line":87,"type":"if","locations":[{"start":{"line":87,"column":8},"end":{"line":87,"column":8}},{"start":{"line":87,"column":8},"end":{"line":87,"column":8}}]},"4":{"line":105,"type":"if","locations":[{"start":{"line":105,"column":8},"end":{"line":105,"column":8}},{"start":{"line":105,"column":8},"end":{"line":105,"column":8}}]},"5":{"line":109,"type":"if","locations":[{"start":{"line":109,"column":8},"end":{"line":109,"column":8}},{"start":{"line":109,"column":8},"end":{"line":109,"column":8}}]},"6":{"line":133,"type":"if","locations":[{"start":{"line":133,"column":8},"end":{"line":133,"column":8}},{"start":{"line":133,"column":8},"end":{"line":133,"column":8}}]},"7":{"line":137,"type":"if","locations":[{"start":{"line":137,"column":8},"end":{"line":137,"column":8}},{"start":{"line":137,"column":8},"end":{"line":137,"column":8}}]}}},"contracts/quests/LoreQuest.sol":{"l":{"52":0,"53":0,"54":0,"55":0,"56":0,"60":0,"61":0,"72":0,"74":0,"75":0,"80":0,"84":0,"100":0,"101":0,"105":0,"106":0,"108":0,"109":0,"112":0,"117":0,"119":0,"120":0,"121":0,"122":0,"123":0,"126":0,"131":0,"136":0,"137":0,"138":0,"139":0,"140":0,"141":0,"143":0,"144":0,"151":0,"153":0,"158":0,"169":0,"170":0,"171":0,"175":0,"178":0,"183":0,"185":0,"186":0,"190":0,"194":0},"path":"/Users/ale/Desktop/ForgottenQuests/contracts/quests/LoreQuest.sol","s":{"1":0,"2":0,"3":0,"4":0,"5":0,"6":0,"7":0,"8":0,"9":0,"10":0,"11":0,"12":0,"13":0,"14":0,"15":0,"16":0,"17":0,"18":0,"19":0,"20":0,"21":0,"22":0,"23":0,"24":0,"25":0,"26":0,"27":0,"28":0,"29":0,"30":0,"31":0,"32":0,"33":0,"34":0,"35":0,"36":0,"37":0,"38":0,"39":0,"40":0,"41":0,"42":0,"43":0,"44":0,"45":0,"46":0,"47":0,"48":0},"b":{"1":[0,0],"2":[0,0],"3":[0,0],"4":[0,0],"5":[0,0],"6":[0,0],"7":[0,0],"8":[0,0],"9":[0,0],"10":[0,0]},"f":{"1":0,"2":0,"3":0,"4":0,"5":0,"6":0,"7":0,"8":0},"fnMap":{"1":{"name":"constructor","line":51,"loc":{"start":{"line":51,"column":4},"end":{"line":57,"column":4}}},"2":{"name":"setCanMakeQuest","line":59,"loc":{"start":{"line":59,"column":4},"end":{"line":62,"column":4}}},"3":{"name":"newLoreQuest","line":65,"loc":{"start":{"line":65,"column":4},"end":{"line":102,"column":4}}},"4":{"name":"acceptLoreQuest","line":104,"loc":{"start":{"line":104,"column":4},"end":{"line":132,"column":4}}},"5":{"name":"completeLoreQuest","line":135,"loc":{"start":{"line":135,"column":4},"end":{"line":166,"column":4}}},"6":{"name":"abandonLoreQuest","line":168,"loc":{"start":{"line":168,"column":4},"end":{"line":187,"column":4}}},"7":{"name":"getLoreQuest","line":189,"loc":{"start":{"line":189,"column":4},"end":{"line":191,"column":4}}},"8":{"name":"getNrOfLoreQuests","line":193,"loc":{"start":{"line":193,"column":4},"end":{"line":195,"column":4}}}},"statementMap":{"1":{"start":{"line":52,"column":8},"end":{"line":52,"column":49}},"2":{"start":{"line":53,"column":8},"end":{"line":53,"column":64}},"3":{"start":{"line":54,"column":8},"end":{"line":54,"column":31}},"4":{"start":{"line":55,"column":8},"end":{"line":55,"column":38}},"5":{"start":{"line":56,"column":8},"end":{"line":56,"column":37}},"6":{"start":{"line":60,"column":8},"end":{"line":60,"column":76}},"7":{"start":{"line":61,"column":8},"end":{"line":61,"column":36}},"8":{"start":{"line":72,"column":8},"end":{"line":72,"column":75}},"9":{"start":{"line":74,"column":8},"end":{"line":74,"column":46}},"10":{"start":{"line":75,"column":8},"end":{"line":75,"column":2158}},"11":{"start":{"line":80,"column":8},"end":{"line":80,"column":2321}},"12":{"start":{"line":84,"column":8},"end":{"line":84,"column":2465}},"13":{"start":{"line":100,"column":8},"end":{"line":100,"column":27}},"14":{"start":{"line":101,"column":8},"end":{"line":101,"column":73}},"15":{"start":{"line":105,"column":8},"end":{"line":105,"column":42}},"16":{"start":{"line":106,"column":8},"end":{"line":106,"column":78}},"17":{"start":{"line":108,"column":8},"end":{"line":108,"column":3331}},"18":{"start":{"line":109,"column":12},"end":{"line":109,"column":74}},"19":{"start":{"line":112,"column":8},"end":{"line":112,"column":3454}},"20":{"start":{"line":117,"column":8},"end":{"line":117,"column":67}},"21":{"start":{"line":119,"column":8},"end":{"line":119,"column":73}},"22":{"start":{"line":120,"column":8},"end":{"line":120,"column":67}},"23":{"start":{"line":121,"column":8},"end":{"line":121,"column":37}},"24":{"start":{"line":122,"column":8},"end":{"line":122,"column":42}},"25":{"start":{"line":123,"column":8},"end":{"line":123,"column":32}},"26":{"start":{"line":126,"column":8},"end":{"line":126,"column":3969}},"27":{"start":{"line":131,"column":8},"end":{"line":131,"column":52}},"28":{"start":{"line":136,"column":8},"end":{"line":136,"column":42}},"29":{"start":{"line":137,"column":8},"end":{"line":137,"column":78}},"30":{"start":{"line":138,"column":8},"end":{"line":138,"column":73}},"31":{"start":{"line":139,"column":8},"end":{"line":139,"column":70}},"32":{"start":{"line":140,"column":8},"end":{"line":140,"column":53}},"33":{"start":{"line":141,"column":8},"end":{"line":141,"column":73}},"34":{"start":{"line":143,"column":8},"end":{"line":143,"column":63}},"35":{"start":{"line":144,"column":8},"end":{"line":144,"column":4773}},"36":{"start":{"line":151,"column":8},"end":{"line":151,"column":60}},"37":{"start":{"line":153,"column":8},"end":{"line":153,"column":5004}},"38":{"start":{"line":158,"column":8},"end":{"line":158,"column":5134}},"39":{"start":{"line":169,"column":8},"end":{"line":169,"column":42}},"40":{"start":{"line":170,"column":8},"end":{"line":170,"column":78}},"41":{"start":{"line":171,"column":8},"end":{"line":171,"column":5564}},"42":{"start":{"line":175,"column":8},"end":{"line":175,"column":62}},"43":{"start":{"line":178,"column":8},"end":{"line":178,"column":5854}},"44":{"start":{"line":183,"column":8},"end":{"line":183,"column":71}},"45":{"start":{"line":185,"column":8},"end":{"line":185,"column":53}},"46":{"start":{"line":186,"column":8},"end":{"line":186,"column":73}},"47":{"start":{"line":190,"column":8},"end":{"line":190,"column":27}},"48":{"start":{"line":194,"column":8},"end":{"line":194,"column":30}}},"branchMap":{"1":{"line":60,"type":"if","locations":[{"start":{"line":60,"column":8},"end":{"line":60,"column":8}},{"start":{"line":60,"column":8},"end":{"line":60,"column":8}}]},"2":{"line":72,"type":"if","locations":[{"start":{"line":72,"column":8},"end":{"line":72,"column":8}},{"start":{"line":72,"column":8},"end":{"line":72,"column":8}}]},"3":{"line":108,"type":"if","locations":[{"start":{"line":108,"column":8},"end":{"line":108,"column":8}},{"start":{"line":108,"column":8},"end":{"line":108,"column":8}}]},"4":{"line":112,"type":"if","locations":[{"start":{"line":112,"column":8},"end":{"line":112,"column":8}},{"start":{"line":112,"column":8},"end":{"line":112,"column":8}}]},"5":{"line":119,"type":"if","locations":[{"start":{"line":119,"column":8},"end":{"line":119,"column":8}},{"start":{"line":119,"column":8},"end":{"line":119,"column":8}}]},"6":{"line":120,"type":"if","locations":[{"start":{"line":120,"column":8},"end":{"line":120,"column":8}},{"start":{"line":120,"column":8},"end":{"line":120,"column":8}}]},"7":{"line":138,"type":"if","locations":[{"start":{"line":138,"column":8},"end":{"line":138,"column":8}},{"start":{"line":138,"column":8},"end":{"line":138,"column":8}}]},"8":{"line":139,"type":"if","locations":[{"start":{"line":139,"column":8},"end":{"line":139,"column":8}},{"start":{"line":139,"column":8},"end":{"line":139,"column":8}}]},"9":{"line":171,"type":"if","locations":[{"start":{"line":171,"column":8},"end":{"line":171,"column":8}},{"start":{"line":171,"column":8},"end":{"line":171,"column":8}}]},"10":{"line":175,"type":"if","locations":[{"start":{"line":175,"column":8},"end":{"line":175,"column":8}},{"start":{"line":175,"column":8},"end":{"line":175,"column":8}}]}}},"contracts/TheTavern/facets/DiamondCutFacet.sol":{"l":{"20":6,"22":5,"26":5,"31":5,"32":5,"33":5,"34":5,"36":5,"39":5,"41":5},"path":"/Users/ale/Desktop/ForgottenQuests/contracts/TheTavern/facets/DiamondCutFacet.sol","s":{"1":6,"2":5,"3":5,"4":5,"5":5,"6":5,"7":5,"8":5,"9":5,"10":5},"b":{},"f":{"1":6},"fnMap":{"1":{"name":"diamondCut","line":15,"loc":{"start":{"line":15,"column":4},"end":{"line":42,"column":4}}}},"statementMap":{"1":{"start":{"line":20,"column":8},"end":{"line":20,"column":44}},"2":{"start":{"line":22,"column":8},"end":{"line":22,"column":885}},"3":{"start":{"line":26,"column":8},"end":{"line":26,"column":998}},"4":{"start":{"line":31,"column":12},"end":{"line":31,"column":31}},"5":{"start":{"line":32,"column":12},"end":{"line":32,"column":54}},"6":{"start":{"line":33,"column":12},"end":{"line":33,"column":66}},"7":{"start":{"line":34,"column":12},"end":{"line":34,"column":76}},"8":{"start":{"line":36,"column":12},"end":{"line":36,"column":75}},"9":{"start":{"line":39,"column":8},"end":{"line":39,"column":54}},"10":{"start":{"line":41,"column":8},"end":{"line":41,"column":56}}},"branchMap":{}},"contracts/TheTavern/facets/DiamondLoupeFacet.sol":{"l":{"21":2,"23":2,"26":2,"29":2,"32":2,"35":2,"40":42,"41":42,"42":42,"45":42,"46":119,"47":35,"51":35,"52":35,"53":35,"54":35,"59":42,"60":35,"61":35,"65":7,"66":7,"67":7,"69":7,"70":7,"73":2,"74":7,"75":7,"77":7,"83":2,"97":3,"100":3,"101":3,"102":3,"105":3,"110":33,"111":33,"112":33,"113":11,"114":11,"119":3,"132":1,"135":1,"137":1,"138":1,"141":1,"146":11,"147":11,"148":11,"151":11,"152":20,"153":8,"154":8,"159":11,"160":8,"161":8,"165":3,"166":3,"170":1,"185":11,"187":11,"197":0,"199":0},"path":"/Users/ale/Desktop/ForgottenQuests/contracts/TheTavern/facets/DiamondLoupeFacet.sol","s":{"1":2,"2":2,"3":2,"4":2,"5":2,"6":2,"7":42,"8":42,"9":42,"10":42,"11":119,"12":35,"13":35,"14":35,"15":42,"16":35,"17":7,"18":7,"19":7,"20":7,"21":2,"22":7,"23":7,"24":3,"25":3,"26":3,"27":3,"28":3,"29":33,"30":33,"31":33,"32":11,"33":1,"34":1,"35":1,"36":1,"37":1,"38":11,"39":11,"40":11,"41":11,"42":20,"43":8,"44":11,"45":8,"46":3,"47":11,"48":11,"49":0,"50":0},"b":{"1":[35,84],"2":[35,0],"3":[35,7],"4":[11,22],"5":[8,12],"6":[8,3]},"f":{"1":2,"2":3,"3":1,"4":11,"5":0},"fnMap":{"1":{"name":"facets","line":20,"loc":{"start":{"line":20,"column":4},"end":{"line":86,"column":4}}},"2":{"name":"facetFunctionSelectors","line":91,"loc":{"start":{"line":91,"column":4},"end":{"line":122,"column":4}}},"3":{"name":"facetAddresses","line":126,"loc":{"start":{"line":126,"column":4},"end":{"line":173,"column":4}}},"4":{"name":"facetAddress","line":179,"loc":{"start":{"line":179,"column":4},"end":{"line":188,"column":4}}},"5":{"name":"supportsInterface","line":191,"loc":{"start":{"line":191,"column":4},"end":{"line":200,"column":4}}}},"statementMap":{"1":{"start":{"line":21,"column":8},"end":{"line":21,"column":762}},"2":{"start":{"line":23,"column":8},"end":{"line":23,"column":51}},"3":{"start":{"line":26,"column":8},"end":{"line":26,"column":43}},"4":{"start":{"line":29,"column":8},"end":{"line":29,"column":69}},"5":{"start":{"line":32,"column":8},"end":{"line":32,"column":25}},"6":{"start":{"line":35,"column":8},"end":{"line":35,"column":1261}},"7":{"start":{"line":40,"column":12},"end":{"line":40,"column":57}},"8":{"start":{"line":41,"column":12},"end":{"line":41,"column":68}},"9":{"start":{"line":42,"column":12},"end":{"line":42,"column":37}},"10":{"start":{"line":45,"column":12},"end":{"line":45,"column":1654}},"11":{"start":{"line":46,"column":16},"end":{"line":46,"column":1739}},"12":{"start":{"line":47,"column":20},"end":{"line":47,"column":1831}},"13":{"start":{"line":51,"column":20},"end":{"line":51,"column":63}},"14":{"start":{"line":53,"column":20},"end":{"line":53,"column":38}},"15":{"start":{"line":59,"column":12},"end":{"line":59,"column":2348}},"16":{"start":{"line":60,"column":16},"end":{"line":60,"column":35}},"17":{"start":{"line":65,"column":12},"end":{"line":65,"column":58}},"18":{"start":{"line":66,"column":12},"end":{"line":66,"column":77}},"19":{"start":{"line":67,"column":12},"end":{"line":67,"column":61}},"20":{"start":{"line":69,"column":12},"end":{"line":69,"column":43}},"21":{"start":{"line":73,"column":8},"end":{"line":73,"column":2804}},"22":{"start":{"line":74,"column":12},"end":{"line":74,"column":64}},"23":{"start":{"line":75,"column":12},"end":{"line":75,"column":77}},"24":{"start":{"line":97,"column":8},"end":{"line":97,"column":3671}},"25":{"start":{"line":100,"column":8},"end":{"line":100,"column":51}},"26":{"start":{"line":101,"column":8},"end":{"line":101,"column":28}},"27":{"start":{"line":102,"column":8},"end":{"line":102,"column":60}},"28":{"start":{"line":105,"column":8},"end":{"line":105,"column":3944}},"29":{"start":{"line":110,"column":12},"end":{"line":110,"column":57}},"30":{"start":{"line":111,"column":12},"end":{"line":111,"column":68}},"31":{"start":{"line":112,"column":12},"end":{"line":112,"column":4213}},"32":{"start":{"line":113,"column":16},"end":{"line":113,"column":63}},"33":{"start":{"line":132,"column":8},"end":{"line":132,"column":4767}},"34":{"start":{"line":135,"column":8},"end":{"line":135,"column":51}},"35":{"start":{"line":137,"column":8},"end":{"line":137,"column":53}},"36":{"start":{"line":138,"column":8},"end":{"line":138,"column":25}},"37":{"start":{"line":141,"column":8},"end":{"line":141,"column":5090}},"38":{"start":{"line":146,"column":12},"end":{"line":146,"column":57}},"39":{"start":{"line":147,"column":12},"end":{"line":147,"column":68}},"40":{"start":{"line":148,"column":12},"end":{"line":148,"column":37}},"41":{"start":{"line":151,"column":12},"end":{"line":151,"column":5492}},"42":{"start":{"line":152,"column":16},"end":{"line":152,"column":5577}},"43":{"start":{"line":153,"column":20},"end":{"line":153,"column":38}},"44":{"start":{"line":159,"column":12},"end":{"line":159,"column":5798}},"45":{"start":{"line":160,"column":16},"end":{"line":160,"column":35}},"46":{"start":{"line":165,"column":12},"end":{"line":165,"column":53}},"47":{"start":{"line":185,"column":8},"end":{"line":185,"column":6563}},"48":{"start":{"line":187,"column":8},"end":{"line":187,"column":64}},"49":{"start":{"line":197,"column":8},"end":{"line":197,"column":6900}},"50":{"start":{"line":199,"column":8},"end":{"line":199,"column":51}}},"branchMap":{"1":{"line":46,"type":"if","locations":[{"start":{"line":46,"column":16},"end":{"line":46,"column":16}},{"start":{"line":46,"column":16},"end":{"line":46,"column":16}}]},"2":{"line":51,"type":"if","locations":[{"start":{"line":51,"column":20},"end":{"line":51,"column":20}},{"start":{"line":51,"column":20},"end":{"line":51,"column":20}}]},"3":{"line":59,"type":"if","locations":[{"start":{"line":59,"column":12},"end":{"line":59,"column":12}},{"start":{"line":59,"column":12},"end":{"line":59,"column":12}}]},"4":{"line":112,"type":"if","locations":[{"start":{"line":112,"column":12},"end":{"line":112,"column":12}},{"start":{"line":112,"column":12},"end":{"line":112,"column":12}}]},"5":{"line":152,"type":"if","locations":[{"start":{"line":152,"column":16},"end":{"line":152,"column":16}},{"start":{"line":152,"column":16},"end":{"line":152,"column":16}}]},"6":{"line":159,"type":"if","locations":[{"start":{"line":159,"column":12},"end":{"line":159,"column":12}},{"start":{"line":159,"column":12},"end":{"line":159,"column":12}}]}}},"contracts/TheTavern/facets/OwnershipFacet.sol":{"l":{"9":3,"10":2,"14":2},"path":"/Users/ale/Desktop/ForgottenQuests/contracts/TheTavern/facets/OwnershipFacet.sol","s":{"1":3,"2":2,"3":2},"b":{},"f":{"1":3,"2":2},"fnMap":{"1":{"name":"transferOwnership","line":8,"loc":{"start":{"line":8,"column":4},"end":{"line":11,"column":4}}},"2":{"name":"owner","line":13,"loc":{"start":{"line":13,"column":4},"end":{"line":15,"column":4}}}},"statementMap":{"1":{"start":{"line":9,"column":8},"end":{"line":9,"column":44}},"2":{"start":{"line":10,"column":8},"end":{"line":10,"column":47}},"3":{"start":{"line":14,"column":8},"end":{"line":14,"column":44}}},"branchMap":{}},"contracts/TheTavern/facets/QuestTools.sol":{"l":{"24":2,"26":2,"28":2,"29":2,"31":2,"33":2,"34":2,"35":2,"39":1,"41":1,"45":1,"47":1,"51":55,"62":55,"63":55,"70":2,"72":2,"76":2,"87":2,"88":2,"92":7,"103":7,"104":7,"112":4,"113":4,"114":12,"117":2,"120":2,"127":5,"128":5,"132":5,"136":5,"140":5,"148":18,"150":18,"155":17,"160":17,"161":17,"162":476,"163":6,"166":476,"167":7,"171":17,"172":17,"173":476,"174":10,"176":476,"177":5,"189":17,"197":6,"198":5,"199":5,"200":5,"201":56,"202":56,"205":1},"path":"/Users/ale/Desktop/ForgottenQuests/contracts/TheTavern/facets/QuestTools.sol","s":{"1":2,"2":2,"3":2,"4":2,"5":2,"6":2,"7":2,"8":2,"9":1,"10":1,"11":1,"12":1,"13":55,"14":55,"15":55,"16":2,"17":2,"18":2,"19":2,"20":2,"21":7,"22":7,"23":7,"24":4,"25":4,"26":12,"27":2,"28":2,"29":5,"30":5,"31":5,"32":5,"33":5,"34":18,"35":18,"36":17,"37":17,"38":17,"39":476,"40":6,"41":476,"42":7,"43":17,"44":17,"45":476,"46":10,"47":476,"48":5,"49":17,"50":6,"51":5,"52":5,"53":5,"54":56,"55":56,"56":1,"57":1},"b":{"1":[2,0],"2":[2,0],"3":[2,10],"4":[17,1],"5":[6,470],"6":[7,469],"7":[10,466],"8":[5,471],"9":[5,1],"10":[1,0]},"f":{"1":2,"2":1,"3":1,"4":55,"5":2,"6":7,"7":4,"8":5,"9":18,"10":6},"fnMap":{"1":{"name":"initialize","line":19,"loc":{"start":{"line":19,"column":4},"end":{"line":36,"column":4}}},"2":{"name":"getWeth","line":38,"loc":{"start":{"line":38,"column":4},"end":{"line":42,"column":4}}},"3":{"name":"getWizards","line":44,"loc":{"start":{"line":44,"column":4},"end":{"line":48,"column":4}}},"4":{"name":"getRandomAffinity","line":50,"loc":{"start":{"line":50,"column":4},"end":{"line":64,"column":4}}},"5":{"name":"getRandomAffinityFromTraits","line":66,"loc":{"start":{"line":66,"column":4},"end":{"line":89,"column":4}}},"6":{"name":"getRandomTrait","line":91,"loc":{"start":{"line":91,"column":4},"end":{"line":105,"column":4}}},"7":{"name":"wizardHasOneOfTraits","line":107,"loc":{"start":{"line":107,"column":4},"end":{"line":121,"column":4}}},"8":{"name":"getQuestScore","line":123,"loc":{"start":{"line":123,"column":4},"end":{"line":141,"column":4}}},"9":{"name":"getQuestDuration","line":143,"loc":{"start":{"line":143,"column":4},"end":{"line":193,"column":4}}},"10":{"name":"sqrt","line":196,"loc":{"start":{"line":196,"column":4},"end":{"line":207,"column":4}}}},"statementMap":{"1":{"start":{"line":24,"column":8},"end":{"line":24,"column":59}},"2":{"start":{"line":26,"column":8},"end":{"line":26,"column":78}},"3":{"start":{"line":28,"column":8},"end":{"line":28,"column":62}},"4":{"start":{"line":29,"column":8},"end":{"line":29,"column":44}},"5":{"start":{"line":31,"column":8},"end":{"line":31,"column":28}},"6":{"start":{"line":33,"column":8},"end":{"line":33,"column":29}},"7":{"start":{"line":34,"column":8},"end":{"line":34,"column":50}},"8":{"start":{"line":35,"column":8},"end":{"line":35,"column":36}},"9":{"start":{"line":39,"column":8},"end":{"line":39,"column":78}},"10":{"start":{"line":41,"column":8},"end":{"line":41,"column":31}},"11":{"start":{"line":45,"column":8},"end":{"line":45,"column":78}},"12":{"start":{"line":47,"column":8},"end":{"line":47,"column":34}},"13":{"start":{"line":51,"column":8},"end":{"line":51,"column":1541}},"14":{"start":{"line":62,"column":8},"end":{"line":62,"column":40}},"15":{"start":{"line":63,"column":8},"end":{"line":63,"column":18}},"16":{"start":{"line":70,"column":8},"end":{"line":70,"column":78}},"17":{"start":{"line":72,"column":8},"end":{"line":72,"column":2147}},"18":{"start":{"line":76,"column":8},"end":{"line":76,"column":2258}},"19":{"start":{"line":87,"column":8},"end":{"line":87,"column":54}},"20":{"start":{"line":88,"column":8},"end":{"line":88,"column":30}},"21":{"start":{"line":92,"column":8},"end":{"line":92,"column":2746}},"22":{"start":{"line":103,"column":8},"end":{"line":103,"column":40}},"23":{"start":{"line":104,"column":8},"end":{"line":104,"column":18}},"24":{"start":{"line":112,"column":8},"end":{"line":112,"column":68}},"25":{"start":{"line":113,"column":8},"end":{"line":113,"column":3339}},"26":{"start":{"line":114,"column":12},"end":{"line":114,"column":3401}},"27":{"start":{"line":117,"column":16},"end":{"line":117,"column":27}},"28":{"start":{"line":120,"column":8},"end":{"line":120,"column":20}},"29":{"start":{"line":127,"column":8},"end":{"line":127,"column":78}},"30":{"start":{"line":128,"column":8},"end":{"line":128,"column":3892}},"31":{"start":{"line":132,"column":8},"end":{"line":132,"column":4088}},"32":{"start":{"line":136,"column":8},"end":{"line":136,"column":4216}},"33":{"start":{"line":140,"column":8},"end":{"line":140,"column":20}},"34":{"start":{"line":148,"column":8},"end":{"line":148,"column":78}},"35":{"start":{"line":150,"column":8},"end":{"line":150,"column":4620}},"36":{"start":{"line":155,"column":8},"end":{"line":155,"column":4755}},"37":{"start":{"line":160,"column":8},"end":{"line":160,"column":41}},"38":{"start":{"line":161,"column":8},"end":{"line":161,"column":4969}},"39":{"start":{"line":162,"column":12},"end":{"line":162,"column":5036}},"40":{"start":{"line":163,"column":16},"end":{"line":163,"column":41}},"41":{"start":{"line":166,"column":12},"end":{"line":166,"column":5152}},"42":{"start":{"line":167,"column":16},"end":{"line":167,"column":41}},"43":{"start":{"line":171,"column":8},"end":{"line":171,"column":41}},"44":{"start":{"line":172,"column":8},"end":{"line":172,"column":5313}},"45":{"start":{"line":173,"column":12},"end":{"line":173,"column":5380}},"46":{"start":{"line":174,"column":16},"end":{"line":174,"column":41}},"47":{"start":{"line":176,"column":12},"end":{"line":176,"column":5495}},"48":{"start":{"line":177,"column":16},"end":{"line":177,"column":41}},"49":{"start":{"line":189,"column":8},"end":{"line":189,"column":6016}},"50":{"start":{"line":197,"column":8},"end":{"line":197,"column":6341}},"51":{"start":{"line":198,"column":12},"end":{"line":198,"column":16}},"52":{"start":{"line":199,"column":12},"end":{"line":199,"column":33}},"53":{"start":{"line":200,"column":12},"end":{"line":200,"column":6424}},"54":{"start":{"line":201,"column":16},"end":{"line":201,"column":20}},"55":{"start":{"line":202,"column":16},"end":{"line":202,"column":34}},"56":{"start":{"line":204,"column":15},"end":{"line":204,"column":6525}},"57":{"start":{"line":205,"column":12},"end":{"line":205,"column":16}}},"branchMap":{"1":{"line":24,"type":"if","locations":[{"start":{"line":24,"column":8},"end":{"line":24,"column":8}},{"start":{"line":24,"column":8},"end":{"line":24,"column":8}}]},"2":{"line":28,"type":"if","locations":[{"start":{"line":28,"column":8},"end":{"line":28,"column":8}},{"start":{"line":28,"column":8},"end":{"line":28,"column":8}}]},"3":{"line":114,"type":"if","locations":[{"start":{"line":114,"column":12},"end":{"line":114,"column":12}},{"start":{"line":114,"column":12},"end":{"line":114,"column":12}}]},"4":{"line":150,"type":"if","locations":[{"start":{"line":150,"column":8},"end":{"line":150,"column":8}},{"start":{"line":150,"column":8},"end":{"line":150,"column":8}}]},"5":{"line":162,"type":"if","locations":[{"start":{"line":162,"column":12},"end":{"line":162,"column":12}},{"start":{"line":162,"column":12},"end":{"line":162,"column":12}}]},"6":{"line":166,"type":"if","locations":[{"start":{"line":166,"column":12},"end":{"line":166,"column":12}},{"start":{"line":166,"column":12},"end":{"line":166,"column":12}}]},"7":{"line":173,"type":"if","locations":[{"start":{"line":173,"column":12},"end":{"line":173,"column":12}},{"start":{"line":173,"column":12},"end":{"line":173,"column":12}}]},"8":{"line":176,"type":"if","locations":[{"start":{"line":176,"column":12},"end":{"line":176,"column":12}},{"start":{"line":176,"column":12},"end":{"line":176,"column":12}}]},"9":{"line":197,"type":"if","locations":[{"start":{"line":197,"column":8},"end":{"line":197,"column":8}},{"start":{"line":197,"column":8},"end":{"line":197,"column":8}}]},"10":{"line":204,"type":"if","locations":[{"start":{"line":204,"column":15},"end":{"line":204,"column":15}},{"start":{"line":204,"column":15},"end":{"line":204,"column":15}}]}}},"contracts/TheTavern/interfaces/IDiamondCut.sol":{"l":{},"path":"/Users/ale/Desktop/ForgottenQuests/contracts/TheTavern/interfaces/IDiamondCut.sol","s":{},"b":{},"f":{},"fnMap":{},"statementMap":{},"branchMap":{}},"contracts/TheTavern/interfaces/IDiamondLoupe.sol":{"l":{},"path":"/Users/ale/Desktop/ForgottenQuests/contracts/TheTavern/interfaces/IDiamondLoupe.sol","s":{},"b":{},"f":{},"fnMap":{},"statementMap":{},"branchMap":{}},"contracts/TheTavern/interfaces/IERC165.sol":{"l":{},"path":"/Users/ale/Desktop/ForgottenQuests/contracts/TheTavern/interfaces/IERC165.sol","s":{},"b":{},"f":{},"fnMap":{},"statementMap":{},"branchMap":{}},"contracts/TheTavern/interfaces/IERC173.sol":{"l":{},"path":"/Users/ale/Desktop/ForgottenQuests/contracts/TheTavern/interfaces/IERC173.sol","s":{},"b":{},"f":{},"fnMap":{},"statementMap":{},"branchMap":{}},"contracts/TheTavern/libraries/LibDiamond.sol":{"l":{"26":9,"31":9,"36":36,"42":9,"44":9,"53":41,"58":41,"59":39,"63":39,"68":39,"71":2,"72":1,"76":1,"81":1,"84":1,"85":1,"90":1,"93":0,"102":39,"105":39,"110":258,"112":258,"113":258,"118":258,"122":258,"124":258,"127":39,"138":1,"141":1,"146":1,"148":1,"151":1,"155":1,"159":1,"165":1,"168":1,"178":1,"181":1,"186":1,"188":1,"190":1,"194":1,"200":1,"201":1,"202":1,"203":1,"208":1,"209":1,"211":1,"214":1,"220":14,"221":14,"225":14,"228":0,"232":0,"233":0,"239":0,"240":0,"241":0,"243":0,"245":0,"254":40,"255":40,"258":40},"path":"/Users/ale/Desktop/ForgottenQuests/contracts/TheTavern/libraries/LibDiamond.sol","s":{"1":9,"2":9,"3":36,"4":9,"5":9,"6":41,"7":41,"8":39,"9":39,"10":39,"11":2,"12":1,"13":1,"14":1,"15":1,"16":1,"17":1,"18":0,"19":39,"20":39,"21":258,"22":258,"23":258,"24":258,"25":258,"26":39,"27":1,"28":1,"29":1,"30":1,"31":1,"32":1,"33":1,"34":1,"35":1,"36":1,"37":1,"38":1,"39":1,"40":1,"41":1,"42":1,"43":1,"44":1,"45":1,"46":1,"47":1,"48":14,"49":14,"50":14,"51":0,"52":0,"53":0,"54":0,"55":0,"56":0,"57":0,"58":0,"59":40,"60":40},"b":{"1":[41,0],"2":[39,2],"3":[39,0],"4":[1,1],"5":[1,0],"6":[1,0],"7":[1,0],"8":[258,0],"9":[1,0],"10":[1,0],"11":[1,0],"12":[1,0],"13":[1,0],"14":[1,0],"15":[14,0],"16":[14,0],"17":[0,0],"18":[0,0],"19":[0,0],"20":[0,0],"21":[40,0]},"f":{"1":9,"2":41,"3":39,"4":1,"5":1,"6":14,"7":40},"fnMap":{"1":{"name":"diamondCut","line":21,"loc":{"start":{"line":21,"column":4},"end":{"line":45,"column":4}}},"2":{"name":"executeDiamondCut","line":49,"loc":{"start":{"line":49,"column":4},"end":{"line":94,"column":4}}},"3":{"name":"_handleAddCut","line":98,"loc":{"start":{"line":98,"column":4},"end":{"line":128,"column":4}}},"4":{"name":"_handleReplaceCut","line":134,"loc":{"start":{"line":134,"column":4},"end":{"line":169,"column":4}}},"5":{"name":"_handleRemoveCut","line":174,"loc":{"start":{"line":174,"column":4},"end":{"line":215,"column":4}}},"6":{"name":"initializeDiamondCut","line":217,"loc":{"start":{"line":217,"column":4},"end":{"line":248,"column":4}}},"7":{"name":"enforceHasContractCode","line":250,"loc":{"start":{"line":250,"column":4},"end":{"line":259,"column":4}}}},"statementMap":{"1":{"start":{"line":26,"column":8},"end":{"line":26,"column":831}},"2":{"start":{"line":31,"column":8},"end":{"line":31,"column":945}},"3":{"start":{"line":36,"column":12},"end":{"line":36,"column":1081}},"4":{"start":{"line":42,"column":8},"end":{"line":42,"column":54}},"5":{"start":{"line":44,"column":8},"end":{"line":44,"column":45}},"6":{"start":{"line":53,"column":8},"end":{"line":53,"column":1598}},"7":{"start":{"line":58,"column":8},"end":{"line":58,"column":1728}},"8":{"start":{"line":59,"column":12},"end":{"line":59,"column":1796}},"9":{"start":{"line":63,"column":12},"end":{"line":63,"column":1948}},"10":{"start":{"line":68,"column":12},"end":{"line":68,"column":52}},"11":{"start":{"line":71,"column":8},"end":{"line":71,"column":2146}},"12":{"start":{"line":72,"column":12},"end":{"line":72,"column":2218}},"13":{"start":{"line":76,"column":12},"end":{"line":76,"column":2373}},"14":{"start":{"line":81,"column":12},"end":{"line":81,"column":56}},"15":{"start":{"line":84,"column":8},"end":{"line":84,"column":2578}},"16":{"start":{"line":85,"column":12},"end":{"line":85,"column":2649}},"17":{"start":{"line":90,"column":12},"end":{"line":90,"column":55}},"18":{"start":{"line":93,"column":8},"end":{"line":93,"column":56}},"19":{"start":{"line":102,"column":8},"end":{"line":102,"column":3188}},"20":{"start":{"line":105,"column":8},"end":{"line":105,"column":3271}},"21":{"start":{"line":110,"column":12},"end":{"line":110,"column":66}},"22":{"start":{"line":112,"column":12},"end":{"line":112,"column":70}},"23":{"start":{"line":113,"column":12},"end":{"line":113,"column":3567}},"24":{"start":{"line":118,"column":12},"end":{"line":118,"column":3723}},"25":{"start":{"line":122,"column":12},"end":{"line":122,"column":38}},"26":{"start":{"line":127,"column":8},"end":{"line":127,"column":28}},"27":{"start":{"line":138,"column":8},"end":{"line":138,"column":4380}},"28":{"start":{"line":141,"column":8},"end":{"line":141,"column":4463}},"29":{"start":{"line":146,"column":12},"end":{"line":146,"column":66}},"30":{"start":{"line":148,"column":12},"end":{"line":148,"column":70}},"31":{"start":{"line":151,"column":12},"end":{"line":151,"column":4816}},"32":{"start":{"line":155,"column":12},"end":{"line":155,"column":4968}},"33":{"start":{"line":159,"column":12},"end":{"line":159,"column":5132}},"34":{"start":{"line":165,"column":12},"end":{"line":165,"column":62}},"35":{"start":{"line":168,"column":8},"end":{"line":168,"column":28}},"36":{"start":{"line":178,"column":8},"end":{"line":178,"column":5833}},"37":{"start":{"line":181,"column":8},"end":{"line":181,"column":5916}},"38":{"start":{"line":186,"column":12},"end":{"line":186,"column":66}},"39":{"start":{"line":188,"column":12},"end":{"line":188,"column":73}},"40":{"start":{"line":190,"column":12},"end":{"line":190,"column":6216}},"41":{"start":{"line":194,"column":12},"end":{"line":194,"column":6379}},"42":{"start":{"line":200,"column":12},"end":{"line":200,"column":6589}},"43":{"start":{"line":201,"column":16},"end":{"line":201,"column":69}},"44":{"start":{"line":202,"column":16},"end":{"line":202,"column":69}},"45":{"start":{"line":203,"column":16},"end":{"line":203,"column":6826}},"46":{"start":{"line":208,"column":12},"end":{"line":208,"column":29}},"47":{"start":{"line":214,"column":8},"end":{"line":214,"column":28}},"48":{"start":{"line":220,"column":8},"end":{"line":220,"column":7194}},"49":{"start":{"line":221,"column":12},"end":{"line":221,"column":7237}},"50":{"start":{"line":225,"column":12},"end":{"line":225,"column":18}},"51":{"start":{"line":228,"column":8},"end":{"line":228,"column":7415}},"52":{"start":{"line":232,"column":8},"end":{"line":232,"column":7553}},"53":{"start":{"line":233,"column":12},"end":{"line":233,"column":7599}},"54":{"start":{"line":239,"column":8},"end":{"line":239,"column":74}},"55":{"start":{"line":240,"column":8},"end":{"line":240,"column":7811}},"56":{"start":{"line":241,"column":12},"end":{"line":241,"column":7843}},"57":{"start":{"line":243,"column":16},"end":{"line":243,"column":36}},"58":{"start":{"line":245,"column":16},"end":{"line":245,"column":63}},"59":{"start":{"line":254,"column":8},"end":{"line":254,"column":28}},"60":{"start":{"line":258,"column":8},"end":{"line":258,"column":47}}},"branchMap":{"1":{"line":53,"type":"if","locations":[{"start":{"line":53,"column":8},"end":{"line":53,"column":8}},{"start":{"line":53,"column":8},"end":{"line":53,"column":8}}]},"2":{"line":58,"type":"if","locations":[{"start":{"line":58,"column":8},"end":{"line":58,"column":8}},{"start":{"line":58,"column":8},"end":{"line":58,"column":8}}]},"3":{"line":59,"type":"if","locations":[{"start":{"line":59,"column":12},"end":{"line":59,"column":12}},{"start":{"line":59,"column":12},"end":{"line":59,"column":12}}]},"4":{"line":71,"type":"if","locations":[{"start":{"line":71,"column":8},"end":{"line":71,"column":8}},{"start":{"line":71,"column":8},"end":{"line":71,"column":8}}]},"5":{"line":72,"type":"if","locations":[{"start":{"line":72,"column":12},"end":{"line":72,"column":12}},{"start":{"line":72,"column":12},"end":{"line":72,"column":12}}]},"6":{"line":84,"type":"if","locations":[{"start":{"line":84,"column":8},"end":{"line":84,"column":8}},{"start":{"line":84,"column":8},"end":{"line":84,"column":8}}]},"7":{"line":85,"type":"if","locations":[{"start":{"line":85,"column":12},"end":{"line":85,"column":12}},{"start":{"line":85,"column":12},"end":{"line":85,"column":12}}]},"8":{"line":113,"type":"if","locations":[{"start":{"line":113,"column":12},"end":{"line":113,"column":12}},{"start":{"line":113,"column":12},"end":{"line":113,"column":12}}]},"9":{"line":151,"type":"if","locations":[{"start":{"line":151,"column":12},"end":{"line":151,"column":12}},{"start":{"line":151,"column":12},"end":{"line":151,"column":12}}]},"10":{"line":155,"type":"if","locations":[{"start":{"line":155,"column":12},"end":{"line":155,"column":12}},{"start":{"line":155,"column":12},"end":{"line":155,"column":12}}]},"11":{"line":159,"type":"if","locations":[{"start":{"line":159,"column":12},"end":{"line":159,"column":12}},{"start":{"line":159,"column":12},"end":{"line":159,"column":12}}]},"12":{"line":190,"type":"if","locations":[{"start":{"line":190,"column":12},"end":{"line":190,"column":12}},{"start":{"line":190,"column":12},"end":{"line":190,"column":12}}]},"13":{"line":194,"type":"if","locations":[{"start":{"line":194,"column":12},"end":{"line":194,"column":12}},{"start":{"line":194,"column":12},"end":{"line":194,"column":12}}]},"14":{"line":200,"type":"if","locations":[{"start":{"line":200,"column":12},"end":{"line":200,"column":12}},{"start":{"line":200,"column":12},"end":{"line":200,"column":12}}]},"15":{"line":220,"type":"if","locations":[{"start":{"line":220,"column":8},"end":{"line":220,"column":8}},{"start":{"line":220,"column":8},"end":{"line":220,"column":8}}]},"16":{"line":221,"type":"if","locations":[{"start":{"line":221,"column":12},"end":{"line":221,"column":12}},{"start":{"line":221,"column":12},"end":{"line":221,"column":12}}]},"17":{"line":228,"type":"if","locations":[{"start":{"line":228,"column":8},"end":{"line":228,"column":8}},{"start":{"line":228,"column":8},"end":{"line":228,"column":8}}]},"18":{"line":232,"type":"if","locations":[{"start":{"line":232,"column":8},"end":{"line":232,"column":8}},{"start":{"line":232,"column":8},"end":{"line":232,"column":8}}]},"19":{"line":240,"type":"if","locations":[{"start":{"line":240,"column":8},"end":{"line":240,"column":8}},{"start":{"line":240,"column":8},"end":{"line":240,"column":8}}]},"20":{"line":241,"type":"if","locations":[{"start":{"line":241,"column":12},"end":{"line":241,"column":12}},{"start":{"line":241,"column":12},"end":{"line":241,"column":12}}]},"21":{"line":258,"type":"if","locations":[{"start":{"line":258,"column":8},"end":{"line":258,"column":8}},{"start":{"line":258,"column":8},"end":{"line":258,"column":8}}]}}},"contracts/TheTavern/libraries/LibDiamondStorage.sol":{"l":{"29":280,"30":280},"path":"/Users/ale/Desktop/ForgottenQuests/contracts/TheTavern/libraries/LibDiamondStorage.sol","s":{"1":280},"b":{},"f":{"1":280},"fnMap":{"1":{"name":"diamondStorage","line":24,"loc":{"start":{"line":24,"column":4},"end":{"line":33,"column":4}}}},"statementMap":{"1":{"start":{"line":29,"column":8},"end":{"line":29,"column":51}}},"branchMap":{}},"contracts/TheTavern/libraries/LibOwnership.sol":{"l":{"14":11,"17":11,"18":11,"23":10,"25":10,"29":2,"33":11,"40":0,"44":0},"path":"/Users/ale/Desktop/ForgottenQuests/contracts/TheTavern/libraries/LibOwnership.sol","s":{"1":11,"2":11,"3":11,"4":10,"5":10,"6":2,"7":11,"8":0},"b":{"1":[10,1],"2":[9,2],"3":[0,0]},"f":{"1":11,"2":2,"3":11,"4":0},"fnMap":{"1":{"name":"setContractOwner","line":13,"loc":{"start":{"line":13,"column":4},"end":{"line":26,"column":4}}},"2":{"name":"contractOwner","line":28,"loc":{"start":{"line":28,"column":4},"end":{"line":30,"column":4}}},"3":{"name":"enforceIsContractOwner","line":32,"loc":{"start":{"line":32,"column":4},"end":{"line":37,"column":4}}},"4":{"name":"onlyOwner","line":39,"loc":{"start":{"line":39,"column":4},"end":{"line":45,"column":4}}}},"statementMap":{"1":{"start":{"line":14,"column":8},"end":{"line":14,"column":365}},"2":{"start":{"line":17,"column":8},"end":{"line":17,"column":48}},"3":{"start":{"line":18,"column":8},"end":{"line":18,"column":498}},"4":{"start":{"line":23,"column":8},"end":{"line":23,"column":35}},"5":{"start":{"line":25,"column":8},"end":{"line":25,"column":59}},"6":{"start":{"line":29,"column":8},"end":{"line":29,"column":72}},"7":{"start":{"line":33,"column":8},"end":{"line":33,"column":949}},"8":{"start":{"line":40,"column":8},"end":{"line":40,"column":1124}}},"branchMap":{"1":{"line":18,"type":"if","locations":[{"start":{"line":18,"column":8},"end":{"line":18,"column":8}},{"start":{"line":18,"column":8},"end":{"line":18,"column":8}}]},"2":{"line":33,"type":"if","locations":[{"start":{"line":33,"column":8},"end":{"line":33,"column":8}},{"start":{"line":33,"column":8},"end":{"line":33,"column":8}}]},"3":{"line":40,"type":"if","locations":[{"start":{"line":40,"column":8},"end":{"line":40,"column":8}},{"start":{"line":40,"column":8},"end":{"line":40,"column":8}}]}}},"contracts/TheTavern/libraries/LibTavernStorage.sol":{"l":{"26":50,"27":50},"path":"/Users/ale/Desktop/ForgottenQuests/contracts/TheTavern/libraries/LibTavernStorage.sol","s":{"1":50},"b":{},"f":{"1":50},"fnMap":{"1":{"name":"tavernStorage","line":25,"loc":{"start":{"line":25,"column":4},"end":{"line":30,"column":4}}}},"statementMap":{"1":{"start":{"line":26,"column":8},"end":{"line":26,"column":43}}},"branchMap":{}},"contracts/TheTavern/Tavern.sol":{"l":{"15":10,"17":9,"18":9,"20":9,"24":9,"25":9,"26":9,"27":9,"33":175,"36":175,"37":175,"39":174},"path":"/Users/ale/Desktop/ForgottenQuests/contracts/TheTavern/Tavern.sol","s":{"1":10,"2":9,"3":9,"4":9,"5":9,"6":9,"7":9,"8":9,"9":175,"10":175,"11":175},"b":{"1":[9,1],"2":[174,1]},"f":{"1":10,"2":175},"fnMap":{"1":{"name":"constructor","line":12,"loc":{"start":{"line":12,"column":4},"end":{"line":28,"column":4}}},"2":{"name":null,"line":32,"loc":{"start":{"line":32,"column":4},"end":{"line":51,"column":4}}}},"statementMap":{"1":{"start":{"line":15,"column":8},"end":{"line":15,"column":61}},"2":{"start":{"line":17,"column":8},"end":{"line":17,"column":67}},"3":{"start":{"line":18,"column":8},"end":{"line":18,"column":44}},"4":{"start":{"line":20,"column":8},"end":{"line":20,"column":621}},"5":{"start":{"line":24,"column":8},"end":{"line":24,"column":63}},"6":{"start":{"line":25,"column":8},"end":{"line":25,"column":67}},"7":{"start":{"line":26,"column":8},"end":{"line":26,"column":69}},"8":{"start":{"line":27,"column":8},"end":{"line":27,"column":63}},"9":{"start":{"line":33,"column":8},"end":{"line":33,"column":1190}},"10":{"start":{"line":36,"column":8},"end":{"line":36,"column":73}},"11":{"start":{"line":37,"column":8},"end":{"line":37,"column":71}}},"branchMap":{"1":{"line":15,"type":"if","locations":[{"start":{"line":15,"column":8},"end":{"line":15,"column":8}},{"start":{"line":15,"column":8},"end":{"line":15,"column":8}}]},"2":{"line":37,"type":"if","locations":[{"start":{"line":37,"column":8},"end":{"line":37,"column":8}},{"start":{"line":37,"column":8},"end":{"line":37,"column":8}}]}}}}