{"contracts/interfaces/Spells.sol":{"l":{},"path":"/Users/ale/Desktop/ForgottenQuests/contracts/interfaces/Spells.sol","s":{},"b":{},"f":{},"fnMap":{},"statementMap":{},"branchMap":{}},"contracts/QuestAchievements.sol":{"l":{"151":33,"155":32,"161":9,"170":32,"172":32,"174":32,"175":17,"178":17,"180":0,"183":0,"185":0,"188":0,"190":0,"193":0,"195":15,"198":15,"201":32,"203":32,"205":32,"207":32,"208":32,"209":0,"212":0,"214":1,"217":1,"219":1,"222":1,"224":8,"227":8,"229":5,"232":5,"234":17,"235":17,"238":32,"256":32,"289":32,"290":32,"291":32,"292":32,"293":17,"295":5,"297":8,"299":1,"301":1,"303":0,"306":32,"313":32,"321":34,"328":34,"335":96,"336":1,"338":95,"339":95,"340":95,"341":165,"342":165,"344":95,"345":95,"346":165,"347":165,"348":165,"350":95,"358":134,"366":102,"367":102,"369":102},"path":"/Users/ale/Desktop/ForgottenQuests/contracts/QuestAchievements.sol","s":{"1":33,"2":9,"3":32,"4":32,"5":32,"6":17,"7":17,"8":15,"9":0,"10":0,"11":15,"12":0,"13":0,"14":15,"15":0,"16":0,"17":15,"18":15,"19":32,"20":32,"21":32,"22":32,"23":32,"24":0,"25":0,"26":32,"27":1,"28":1,"29":31,"30":1,"31":1,"32":30,"33":8,"34":8,"35":22,"36":5,"37":5,"38":17,"39":17,"40":32,"41":32,"42":32,"43":32,"44":32,"45":32,"46":17,"47":15,"48":5,"49":10,"50":8,"51":2,"52":1,"53":1,"54":1,"55":0,"56":32,"57":32,"58":34,"59":34,"60":96,"61":1,"62":95,"63":95,"64":95,"65":165,"66":95,"67":95,"68":165,"69":165,"70":165,"71":95,"72":134,"73":102,"74":102,"75":102},"b":{"1":[32,1],"2":[17,15],"3":[0,15],"4":[0,15],"5":[0,15],"6":[0,32],"7":[1,31],"8":[1,30],"9":[8,22],"10":[5,17],"11":[17,15],"12":[5,10],"13":[8,2],"14":[1,1],"15":[1,0],"16":[1,95]},"f":{"1":33,"2":9,"3":9,"4":32,"5":32,"6":34,"7":96,"8":134,"9":102},"fnMap":{"1":{"name":"onlyMinter","line":150,"loc":{"start":{"line":150,"column":4},"end":{"line":156,"column":4}}},"2":{"name":"constructor","line":158,"loc":{"start":{"line":158,"column":4},"end":{"line":158,"column":73}}},"3":{"name":"setMintingAllowance","line":160,"loc":{"start":{"line":160,"column":4},"end":{"line":162,"column":4}}},"4":{"name":"tokenURI","line":164,"loc":{"start":{"line":164,"column":4},"end":{"line":279,"column":4}}},"5":{"name":"mint","line":288,"loc":{"start":{"line":281,"column":4},"end":{"line":314,"column":4}}},"6":{"name":"getName","line":316,"loc":{"start":{"line":316,"column":4},"end":{"line":329,"column":4}}},"7":{"name":"toString","line":331,"loc":{"start":{"line":331,"column":4},"end":{"line":351,"column":4}}},"8":{"name":"random","line":353,"loc":{"start":{"line":353,"column":4},"end":{"line":359,"column":4}}},"9":{"name":"pluck","line":361,"loc":{"start":{"line":361,"column":4},"end":{"line":370,"column":4}}}},"statementMap":{"1":{"start":{"line":151,"column":8},"end":{"line":151,"column":3925}},"2":{"start":{"line":161,"column":8},"end":{"line":161,"column":42}},"3":{"start":{"line":170,"column":8},"end":{"line":170,"column":30}},"4":{"start":{"line":172,"column":8},"end":{"line":172,"column":63}},"5":{"start":{"line":174,"column":8},"end":{"line":174,"column":4488}},"6":{"start":{"line":175,"column":12},"end":{"line":175,"column":4638}},"7":{"start":{"line":178,"column":12},"end":{"line":178,"column":35}},"8":{"start":{"line":179,"column":15},"end":{"line":179,"column":4727}},"9":{"start":{"line":180,"column":12},"end":{"line":180,"column":4885}},"10":{"start":{"line":183,"column":12},"end":{"line":183,"column":33}},"11":{"start":{"line":184,"column":15},"end":{"line":184,"column":4972}},"12":{"start":{"line":185,"column":12},"end":{"line":185,"column":5130}},"13":{"start":{"line":188,"column":12},"end":{"line":188,"column":28}},"14":{"start":{"line":189,"column":15},"end":{"line":189,"column":5212}},"15":{"start":{"line":190,"column":12},"end":{"line":190,"column":5370}},"16":{"start":{"line":193,"column":12},"end":{"line":193,"column":28}},"17":{"start":{"line":195,"column":12},"end":{"line":195,"column":5571}},"18":{"start":{"line":198,"column":12},"end":{"line":198,"column":28}},"19":{"start":{"line":201,"column":8},"end":{"line":201,"column":43}},"20":{"start":{"line":203,"column":8},"end":{"line":203,"column":52}},"21":{"start":{"line":205,"column":8},"end":{"line":205,"column":63}},"22":{"start":{"line":207,"column":8},"end":{"line":207,"column":28}},"23":{"start":{"line":208,"column":8},"end":{"line":208,"column":5857}},"24":{"start":{"line":209,"column":12},"end":{"line":209,"column":5997}},"25":{"start":{"line":212,"column":12},"end":{"line":212,"column":30}},"26":{"start":{"line":213,"column":15},"end":{"line":213,"column":6081}},"27":{"start":{"line":214,"column":12},"end":{"line":214,"column":6213}},"28":{"start":{"line":217,"column":12},"end":{"line":217,"column":31}},"29":{"start":{"line":218,"column":15},"end":{"line":218,"column":6298}},"30":{"start":{"line":219,"column":12},"end":{"line":219,"column":6417}},"31":{"start":{"line":222,"column":12},"end":{"line":222,"column":28}},"32":{"start":{"line":223,"column":15},"end":{"line":223,"column":6499}},"33":{"start":{"line":224,"column":12},"end":{"line":224,"column":6615}},"34":{"start":{"line":227,"column":12},"end":{"line":227,"column":30}},"35":{"start":{"line":228,"column":15},"end":{"line":228,"column":6699}},"36":{"start":{"line":229,"column":12},"end":{"line":229,"column":6839}},"37":{"start":{"line":232,"column":12},"end":{"line":232,"column":27}},"38":{"start":{"line":234,"column":12},"end":{"line":234,"column":72}},"39":{"start":{"line":235,"column":12},"end":{"line":235,"column":28}},"40":{"start":{"line":238,"column":8},"end":{"line":238,"column":7048}},"41":{"start":{"line":256,"column":8},"end":{"line":256,"column":8714}},"42":{"start":{"line":289,"column":8},"end":{"line":289,"column":42}},"43":{"start":{"line":290,"column":8},"end":{"line":290,"column":53}},"44":{"start":{"line":291,"column":8},"end":{"line":291,"column":20}},"45":{"start":{"line":292,"column":8},"end":{"line":292,"column":10106}},"46":{"start":{"line":293,"column":12},"end":{"line":293,"column":21}},"47":{"start":{"line":294,"column":15},"end":{"line":294,"column":10181}},"48":{"start":{"line":295,"column":12},"end":{"line":295,"column":21}},"49":{"start":{"line":296,"column":15},"end":{"line":296,"column":10239}},"50":{"start":{"line":297,"column":12},"end":{"line":297,"column":21}},"51":{"start":{"line":298,"column":15},"end":{"line":298,"column":10295}},"52":{"start":{"line":299,"column":12},"end":{"line":299,"column":21}},"53":{"start":{"line":300,"column":15},"end":{"line":300,"column":10351}},"54":{"start":{"line":301,"column":12},"end":{"line":301,"column":21}},"55":{"start":{"line":303,"column":12},"end":{"line":303,"column":21}},"56":{"start":{"line":306,"column":8},"end":{"line":306,"column":10453}},"57":{"start":{"line":313,"column":8},"end":{"line":313,"column":32}},"58":{"start":{"line":321,"column":8},"end":{"line":321,"column":10814}},"59":{"start":{"line":328,"column":8},"end":{"line":328,"column":21}},"60":{"start":{"line":335,"column":8},"end":{"line":335,"column":11354}},"61":{"start":{"line":336,"column":12},"end":{"line":336,"column":22}},"62":{"start":{"line":338,"column":8},"end":{"line":338,"column":28}},"63":{"start":{"line":339,"column":8},"end":{"line":339,"column":22}},"64":{"start":{"line":340,"column":8},"end":{"line":340,"column":11468}},"65":{"start":{"line":342,"column":12},"end":{"line":342,"column":21}},"66":{"start":{"line":344,"column":8},"end":{"line":344,"column":47}},"67":{"start":{"line":345,"column":8},"end":{"line":345,"column":11601}},"68":{"start":{"line":346,"column":12},"end":{"line":346,"column":22}},"69":{"start":{"line":347,"column":12},"end":{"line":347,"column":67}},"70":{"start":{"line":348,"column":12},"end":{"line":348,"column":22}},"71":{"start":{"line":350,"column":8},"end":{"line":350,"column":29}},"72":{"start":{"line":358,"column":8},"end":{"line":358,"column":68}},"73":{"start":{"line":366,"column":8},"end":{"line":366,"column":48}},"74":{"start":{"line":367,"column":8},"end":{"line":367,"column":69}},"75":{"start":{"line":369,"column":8},"end":{"line":369,"column":21}}},"branchMap":{"1":{"line":151,"type":"if","locations":[{"start":{"line":151,"column":8},"end":{"line":151,"column":8}},{"start":{"line":151,"column":8},"end":{"line":151,"column":8}}]},"2":{"line":174,"type":"if","locations":[{"start":{"line":174,"column":8},"end":{"line":174,"column":8}},{"start":{"line":174,"column":8},"end":{"line":174,"column":8}}]},"3":{"line":179,"type":"if","locations":[{"start":{"line":179,"column":15},"end":{"line":179,"column":15}},{"start":{"line":179,"column":15},"end":{"line":179,"column":15}}]},"4":{"line":184,"type":"if","locations":[{"start":{"line":184,"column":15},"end":{"line":184,"column":15}},{"start":{"line":184,"column":15},"end":{"line":184,"column":15}}]},"5":{"line":189,"type":"if","locations":[{"start":{"line":189,"column":15},"end":{"line":189,"column":15}},{"start":{"line":189,"column":15},"end":{"line":189,"column":15}}]},"6":{"line":208,"type":"if","locations":[{"start":{"line":208,"column":8},"end":{"line":208,"column":8}},{"start":{"line":208,"column":8},"end":{"line":208,"column":8}}]},"7":{"line":213,"type":"if","locations":[{"start":{"line":213,"column":15},"end":{"line":213,"column":15}},{"start":{"line":213,"column":15},"end":{"line":213,"column":15}}]},"8":{"line":218,"type":"if","locations":[{"start":{"line":218,"column":15},"end":{"line":218,"column":15}},{"start":{"line":218,"column":15},"end":{"line":218,"column":15}}]},"9":{"line":223,"type":"if","locations":[{"start":{"line":223,"column":15},"end":{"line":223,"column":15}},{"start":{"line":223,"column":15},"end":{"line":223,"column":15}}]},"10":{"line":228,"type":"if","locations":[{"start":{"line":228,"column":15},"end":{"line":228,"column":15}},{"start":{"line":228,"column":15},"end":{"line":228,"column":15}}]},"11":{"line":292,"type":"if","locations":[{"start":{"line":292,"column":8},"end":{"line":292,"column":8}},{"start":{"line":292,"column":8},"end":{"line":292,"column":8}}]},"12":{"line":294,"type":"if","locations":[{"start":{"line":294,"column":15},"end":{"line":294,"column":15}},{"start":{"line":294,"column":15},"end":{"line":294,"column":15}}]},"13":{"line":296,"type":"if","locations":[{"start":{"line":296,"column":15},"end":{"line":296,"column":15}},{"start":{"line":296,"column":15},"end":{"line":296,"column":15}}]},"14":{"line":298,"type":"if","locations":[{"start":{"line":298,"column":15},"end":{"line":298,"column":15}},{"start":{"line":298,"column":15},"end":{"line":298,"column":15}}]},"15":{"line":300,"type":"if","locations":[{"start":{"line":300,"column":15},"end":{"line":300,"column":15}},{"start":{"line":300,"column":15},"end":{"line":300,"column":15}}]},"16":{"line":335,"type":"if","locations":[{"start":{"line":335,"column":8},"end":{"line":335,"column":8}},{"start":{"line":335,"column":8},"end":{"line":335,"column":8}}]}}},"contracts/quests/BaseQuest.sol":{"l":{"41":2,"42":1,"43":1,"44":1,"45":1,"50":13,"54":12,"55":12,"60":12,"64":12,"82":12,"83":12,"87":11,"89":11,"91":11,"92":10,"93":9,"94":9,"95":9,"98":9,"103":8,"108":3,"109":3,"113":2,"114":1,"115":1,"118":1,"120":1,"125":1,"136":3,"137":3,"141":2,"144":1,"149":1,"150":1,"151":1,"155":12,"159":3},"path":"/Users/ale/Desktop/ForgottenQuests/contracts/quests/BaseQuest.sol","s":{"1":2,"2":1,"3":1,"4":1,"5":1,"6":13,"7":12,"8":12,"9":12,"10":12,"11":12,"12":12,"13":11,"14":11,"15":11,"16":10,"17":9,"18":9,"19":9,"20":9,"21":8,"22":3,"23":3,"24":2,"25":1,"26":1,"27":1,"28":1,"29":1,"30":3,"31":3,"32":2,"33":1,"34":1,"35":1,"36":1,"37":12,"38":3},"b":{"1":[1,1],"2":[12,1],"3":[10,1],"4":[9,1],"5":[2,1],"6":[1,1],"7":[2,1],"8":[1,1]},"f":{"1":2,"2":13,"3":11,"4":3,"5":3,"6":12,"7":3},"fnMap":{"1":{"name":"initialize","line":36,"loc":{"start":{"line":36,"column":4},"end":{"line":46,"column":4}}},"2":{"name":"newBaseQuest","line":49,"loc":{"start":{"line":49,"column":4},"end":{"line":84,"column":4}}},"3":{"name":"acceptBaseQuest","line":86,"loc":{"start":{"line":86,"column":4},"end":{"line":104,"column":4}}},"4":{"name":"completeBaseQuest","line":107,"loc":{"start":{"line":107,"column":4},"end":{"line":133,"column":4}}},"5":{"name":"abandonBaseQuest","line":135,"loc":{"start":{"line":135,"column":4},"end":{"line":152,"column":4}}},"6":{"name":"getBaseQuest","line":154,"loc":{"start":{"line":154,"column":4},"end":{"line":156,"column":4}}},"7":{"name":"getNrOfBaseQuests","line":158,"loc":{"start":{"line":158,"column":4},"end":{"line":160,"column":4}}}},"statementMap":{"1":{"start":{"line":41,"column":8},"end":{"line":41,"column":68}},"2":{"start":{"line":42,"column":8},"end":{"line":42,"column":49}},"3":{"start":{"line":43,"column":8},"end":{"line":43,"column":64}},"4":{"start":{"line":44,"column":8},"end":{"line":44,"column":49}},"5":{"start":{"line":45,"column":8},"end":{"line":45,"column":35}},"6":{"start":{"line":50,"column":8},"end":{"line":50,"column":1413}},"7":{"start":{"line":54,"column":8},"end":{"line":54,"column":46}},"8":{"start":{"line":55,"column":8},"end":{"line":55,"column":1587}},"9":{"start":{"line":60,"column":8},"end":{"line":60,"column":1724}},"10":{"start":{"line":64,"column":8},"end":{"line":64,"column":1868}},"11":{"start":{"line":82,"column":8},"end":{"line":82,"column":27}},"12":{"start":{"line":83,"column":8},"end":{"line":83,"column":68}},"13":{"start":{"line":87,"column":8},"end":{"line":87,"column":42}},"14":{"start":{"line":89,"column":8},"end":{"line":89,"column":72}},"15":{"start":{"line":91,"column":8},"end":{"line":91,"column":73}},"16":{"start":{"line":92,"column":8},"end":{"line":92,"column":67}},"17":{"start":{"line":93,"column":8},"end":{"line":93,"column":37}},"18":{"start":{"line":94,"column":8},"end":{"line":94,"column":42}},"19":{"start":{"line":95,"column":8},"end":{"line":95,"column":32}},"20":{"start":{"line":98,"column":8},"end":{"line":98,"column":3073}},"21":{"start":{"line":103,"column":8},"end":{"line":103,"column":52}},"22":{"start":{"line":108,"column":8},"end":{"line":108,"column":42}},"23":{"start":{"line":109,"column":8},"end":{"line":109,"column":3449}},"24":{"start":{"line":113,"column":8},"end":{"line":113,"column":70}},"25":{"start":{"line":114,"column":8},"end":{"line":114,"column":58}},"26":{"start":{"line":115,"column":8},"end":{"line":115,"column":78}},"27":{"start":{"line":118,"column":8},"end":{"line":118,"column":60}},"28":{"start":{"line":120,"column":8},"end":{"line":120,"column":3881}},"29":{"start":{"line":125,"column":8},"end":{"line":125,"column":4011}},"30":{"start":{"line":136,"column":8},"end":{"line":136,"column":42}},"31":{"start":{"line":137,"column":8},"end":{"line":137,"column":4327}},"32":{"start":{"line":141,"column":8},"end":{"line":141,"column":62}},"33":{"start":{"line":144,"column":8},"end":{"line":144,"column":4617}},"34":{"start":{"line":149,"column":8},"end":{"line":149,"column":76}},"35":{"start":{"line":150,"column":8},"end":{"line":150,"column":58}},"36":{"start":{"line":151,"column":8},"end":{"line":151,"column":78}},"37":{"start":{"line":155,"column":8},"end":{"line":155,"column":27}},"38":{"start":{"line":159,"column":8},"end":{"line":159,"column":30}}},"branchMap":{"1":{"line":41,"type":"if","locations":[{"start":{"line":41,"column":8},"end":{"line":41,"column":8}},{"start":{"line":41,"column":8},"end":{"line":41,"column":8}}]},"2":{"line":50,"type":"if","locations":[{"start":{"line":50,"column":8},"end":{"line":50,"column":8}},{"start":{"line":50,"column":8},"end":{"line":50,"column":8}}]},"3":{"line":91,"type":"if","locations":[{"start":{"line":91,"column":8},"end":{"line":91,"column":8}},{"start":{"line":91,"column":8},"end":{"line":91,"column":8}}]},"4":{"line":92,"type":"if","locations":[{"start":{"line":92,"column":8},"end":{"line":92,"column":8}},{"start":{"line":92,"column":8},"end":{"line":92,"column":8}}]},"5":{"line":109,"type":"if","locations":[{"start":{"line":109,"column":8},"end":{"line":109,"column":8}},{"start":{"line":109,"column":8},"end":{"line":109,"column":8}}]},"6":{"line":113,"type":"if","locations":[{"start":{"line":113,"column":8},"end":{"line":113,"column":8}},{"start":{"line":113,"column":8},"end":{"line":113,"column":8}}]},"7":{"line":137,"type":"if","locations":[{"start":{"line":137,"column":8},"end":{"line":137,"column":8}},{"start":{"line":137,"column":8},"end":{"line":137,"column":8}}]},"8":{"line":141,"type":"if","locations":[{"start":{"line":141,"column":8},"end":{"line":141,"column":8}},{"start":{"line":141,"column":8},"end":{"line":141,"column":8}}]}}},"contracts/quests/LoreQuest.sol":{"l":{"52":2,"53":1,"54":1,"55":1,"56":1,"57":1,"58":1,"62":9,"63":8,"67":2,"68":1,"79":20,"80":19,"85":18,"86":18,"91":18,"95":18,"110":18,"111":18,"112":18,"116":14,"118":14,"119":3,"126":13,"131":12,"133":12,"134":11,"135":10,"136":10,"137":10,"140":10,"145":9,"150":3,"152":3,"156":2,"157":1,"158":1,"160":1,"161":1,"168":1,"170":1,"175":1,"186":3,"188":3,"192":2,"195":1,"200":1,"202":1,"203":1,"207":13,"211":3},"path":"/Users/ale/Desktop/ForgottenQuests/contracts/quests/LoreQuest.sol","s":{"1":2,"2":1,"3":1,"4":1,"5":1,"6":1,"7":1,"8":9,"9":8,"10":2,"11":1,"12":20,"13":19,"14":18,"15":18,"16":18,"17":18,"18":18,"19":18,"20":18,"21":14,"22":14,"23":3,"24":13,"25":12,"26":12,"27":11,"28":10,"29":10,"30":10,"31":10,"32":9,"33":3,"34":3,"35":2,"36":1,"37":1,"38":1,"39":1,"40":1,"41":1,"42":1,"43":3,"44":3,"45":2,"46":1,"47":1,"48":1,"49":1,"50":13,"51":3},"b":{"1":[1,1],"2":[8,1],"3":[1,1],"4":[19,1],"5":[18,1],"6":[3,11],"7":[12,1],"8":[11,1],"9":[10,1],"10":[2,1],"11":[1,1],"12":[2,1],"13":[1,1]},"f":{"1":2,"2":9,"3":2,"4":20,"5":14,"6":3,"7":3,"8":13,"9":3},"fnMap":{"1":{"name":"initialize","line":47,"loc":{"start":{"line":47,"column":4},"end":{"line":59,"column":4}}},"2":{"name":"setCanMakeQuest","line":61,"loc":{"start":{"line":61,"column":4},"end":{"line":64,"column":4}}},"3":{"name":"setQuestMaster","line":66,"loc":{"start":{"line":66,"column":4},"end":{"line":69,"column":4}}},"4":{"name":"newLoreQuest","line":72,"loc":{"start":{"line":72,"column":4},"end":{"line":113,"column":4}}},"5":{"name":"acceptLoreQuest","line":115,"loc":{"start":{"line":115,"column":4},"end":{"line":146,"column":4}}},"6":{"name":"completeLoreQuest","line":149,"loc":{"start":{"line":149,"column":4},"end":{"line":183,"column":4}}},"7":{"name":"abandonLoreQuest","line":185,"loc":{"start":{"line":185,"column":4},"end":{"line":204,"column":4}}},"8":{"name":"getLoreQuest","line":206,"loc":{"start":{"line":206,"column":4},"end":{"line":208,"column":4}}},"9":{"name":"getNrOfLoreQuests","line":210,"loc":{"start":{"line":210,"column":4},"end":{"line":212,"column":4}}}},"statementMap":{"1":{"start":{"line":52,"column":8},"end":{"line":52,"column":68}},"2":{"start":{"line":53,"column":8},"end":{"line":53,"column":49}},"3":{"start":{"line":54,"column":8},"end":{"line":54,"column":72}},"4":{"start":{"line":55,"column":8},"end":{"line":55,"column":49}},"5":{"start":{"line":56,"column":8},"end":{"line":56,"column":31}},"6":{"start":{"line":57,"column":8},"end":{"line":57,"column":38}},"7":{"start":{"line":58,"column":8},"end":{"line":58,"column":35}},"8":{"start":{"line":62,"column":8},"end":{"line":62,"column":76}},"9":{"start":{"line":63,"column":8},"end":{"line":63,"column":36}},"10":{"start":{"line":67,"column":8},"end":{"line":67,"column":76}},"11":{"start":{"line":68,"column":8},"end":{"line":68,"column":25}},"12":{"start":{"line":79,"column":8},"end":{"line":79,"column":75}},"13":{"start":{"line":80,"column":8},"end":{"line":80,"column":2363}},"14":{"start":{"line":85,"column":8},"end":{"line":85,"column":46}},"15":{"start":{"line":86,"column":8},"end":{"line":86,"column":2538}},"16":{"start":{"line":91,"column":8},"end":{"line":91,"column":2701}},"17":{"start":{"line":95,"column":8},"end":{"line":95,"column":2845}},"18":{"start":{"line":110,"column":8},"end":{"line":110,"column":27}},"19":{"start":{"line":111,"column":8},"end":{"line":111,"column":73}},"20":{"start":{"line":112,"column":8},"end":{"line":112,"column":61}},"21":{"start":{"line":116,"column":8},"end":{"line":116,"column":42}},"22":{"start":{"line":118,"column":8},"end":{"line":118,"column":3662}},"23":{"start":{"line":119,"column":12},"end":{"line":119,"column":3705}},"24":{"start":{"line":126,"column":8},"end":{"line":126,"column":3852}},"25":{"start":{"line":131,"column":8},"end":{"line":131,"column":72}},"26":{"start":{"line":133,"column":8},"end":{"line":133,"column":73}},"27":{"start":{"line":134,"column":8},"end":{"line":134,"column":67}},"28":{"start":{"line":135,"column":8},"end":{"line":135,"column":37}},"29":{"start":{"line":136,"column":8},"end":{"line":136,"column":42}},"30":{"start":{"line":137,"column":8},"end":{"line":137,"column":32}},"31":{"start":{"line":140,"column":8},"end":{"line":140,"column":4372}},"32":{"start":{"line":145,"column":8},"end":{"line":145,"column":52}},"33":{"start":{"line":150,"column":8},"end":{"line":150,"column":42}},"34":{"start":{"line":152,"column":8},"end":{"line":152,"column":4749}},"35":{"start":{"line":156,"column":8},"end":{"line":156,"column":70}},"36":{"start":{"line":157,"column":8},"end":{"line":157,"column":58}},"37":{"start":{"line":158,"column":8},"end":{"line":158,"column":78}},"38":{"start":{"line":160,"column":8},"end":{"line":160,"column":63}},"39":{"start":{"line":161,"column":8},"end":{"line":161,"column":5149}},"40":{"start":{"line":168,"column":8},"end":{"line":168,"column":60}},"41":{"start":{"line":170,"column":8},"end":{"line":170,"column":5380}},"42":{"start":{"line":175,"column":8},"end":{"line":175,"column":5510}},"43":{"start":{"line":186,"column":8},"end":{"line":186,"column":42}},"44":{"start":{"line":188,"column":8},"end":{"line":188,"column":5830}},"45":{"start":{"line":192,"column":8},"end":{"line":192,"column":62}},"46":{"start":{"line":195,"column":8},"end":{"line":195,"column":6117}},"47":{"start":{"line":200,"column":8},"end":{"line":200,"column":76}},"48":{"start":{"line":202,"column":8},"end":{"line":202,"column":58}},"49":{"start":{"line":203,"column":8},"end":{"line":203,"column":78}},"50":{"start":{"line":207,"column":8},"end":{"line":207,"column":27}},"51":{"start":{"line":211,"column":8},"end":{"line":211,"column":30}}},"branchMap":{"1":{"line":52,"type":"if","locations":[{"start":{"line":52,"column":8},"end":{"line":52,"column":8}},{"start":{"line":52,"column":8},"end":{"line":52,"column":8}}]},"2":{"line":62,"type":"if","locations":[{"start":{"line":62,"column":8},"end":{"line":62,"column":8}},{"start":{"line":62,"column":8},"end":{"line":62,"column":8}}]},"3":{"line":67,"type":"if","locations":[{"start":{"line":67,"column":8},"end":{"line":67,"column":8}},{"start":{"line":67,"column":8},"end":{"line":67,"column":8}}]},"4":{"line":79,"type":"if","locations":[{"start":{"line":79,"column":8},"end":{"line":79,"column":8}},{"start":{"line":79,"column":8},"end":{"line":79,"column":8}}]},"5":{"line":80,"type":"if","locations":[{"start":{"line":80,"column":8},"end":{"line":80,"column":8}},{"start":{"line":80,"column":8},"end":{"line":80,"column":8}}]},"6":{"line":118,"type":"if","locations":[{"start":{"line":118,"column":8},"end":{"line":118,"column":8}},{"start":{"line":118,"column":8},"end":{"line":118,"column":8}}]},"7":{"line":126,"type":"if","locations":[{"start":{"line":126,"column":8},"end":{"line":126,"column":8}},{"start":{"line":126,"column":8},"end":{"line":126,"column":8}}]},"8":{"line":133,"type":"if","locations":[{"start":{"line":133,"column":8},"end":{"line":133,"column":8}},{"start":{"line":133,"column":8},"end":{"line":133,"column":8}}]},"9":{"line":134,"type":"if","locations":[{"start":{"line":134,"column":8},"end":{"line":134,"column":8}},{"start":{"line":134,"column":8},"end":{"line":134,"column":8}}]},"10":{"line":152,"type":"if","locations":[{"start":{"line":152,"column":8},"end":{"line":152,"column":8}},{"start":{"line":152,"column":8},"end":{"line":152,"column":8}}]},"11":{"line":156,"type":"if","locations":[{"start":{"line":156,"column":8},"end":{"line":156,"column":8}},{"start":{"line":156,"column":8},"end":{"line":156,"column":8}}]},"12":{"line":188,"type":"if","locations":[{"start":{"line":188,"column":8},"end":{"line":188,"column":8}},{"start":{"line":188,"column":8},"end":{"line":188,"column":8}}]},"13":{"line":192,"type":"if","locations":[{"start":{"line":192,"column":8},"end":{"line":192,"column":8}},{"start":{"line":192,"column":8},"end":{"line":192,"column":8}}]}}},"contracts/quests/TeamQuest.sol":{"l":{"46":0,"47":0,"48":0,"49":0,"50":0,"55":0,"60":0,"61":0,"66":0,"71":0,"76":0,"81":0,"86":0,"91":0,"96":0,"100":0,"117":0,"118":0,"122":0,"124":0,"125":0,"126":0,"127":0,"128":0,"129":0,"130":0,"131":0,"134":0,"139":0,"144":0,"149":0,"154":0,"157":0,"163":0,"165":0,"172":0,"174":0,"175":0,"176":0,"177":0,"178":0,"182":0,"183":0,"190":0,"192":0,"196":0,"200":0,"204":0,"209":0,"211":0,"222":0,"224":0,"225":0,"226":0,"227":0,"228":0,"231":0,"234":0,"239":0,"241":0,"242":0,"250":0,"254":0,"262":0,"263":0,"264":0,"267":0},"path":"/Users/ale/Desktop/ForgottenQuests/contracts/quests/TeamQuest.sol","s":{"1":0,"2":0,"3":0,"4":0,"5":0,"6":0,"7":0,"8":0,"9":0,"10":0,"11":0,"12":0,"13":0,"14":0,"15":0,"16":0,"17":0,"18":0,"19":0,"20":0,"21":0,"22":0,"23":0,"24":0,"25":0,"26":0,"27":0,"28":0,"29":0,"30":0,"31":0,"32":0,"33":0,"34":0,"35":0,"36":0,"37":0,"38":0,"39":0,"40":0,"41":0,"42":0,"43":0,"44":0,"45":0,"46":0,"47":0,"48":0,"49":0,"50":0,"51":0,"52":0,"53":0,"54":0,"55":0,"56":0,"57":0,"58":0,"59":0,"60":0,"61":0,"62":0,"63":0,"64":0,"65":0},"b":{"1":[0,0],"2":[0,0],"3":[0,0],"4":[0,0],"5":[0,0],"6":[0,0],"7":[0,0],"8":[0,0],"9":[0,0],"10":[0,0],"11":[0,0]},"f":{"1":0,"2":0,"3":0,"4":0,"5":0,"6":0,"7":0,"8":0},"fnMap":{"1":{"name":"initialize","line":41,"loc":{"start":{"line":41,"column":4},"end":{"line":51,"column":4}}},"2":{"name":"newTeamQuest","line":54,"loc":{"start":{"line":54,"column":4},"end":{"line":119,"column":4}}},"3":{"name":"acceptTeamQuest","line":121,"loc":{"start":{"line":121,"column":4},"end":{"line":159,"column":4}}},"4":{"name":"completeTeamQuest","line":162,"loc":{"start":{"line":162,"column":4},"end":{"line":219,"column":4}}},"5":{"name":"abandonTeamQuest","line":221,"loc":{"start":{"line":221,"column":4},"end":{"line":247,"column":4}}},"6":{"name":"getTeamQuest","line":249,"loc":{"start":{"line":249,"column":4},"end":{"line":251,"column":4}}},"7":{"name":"getNrOfTeamQuests","line":253,"loc":{"start":{"line":253,"column":4},"end":{"line":255,"column":4}}},"8":{"name":"_getLastSlotFilled","line":257,"loc":{"start":{"line":257,"column":4},"end":{"line":268,"column":4}}}},"statementMap":{"1":{"start":{"line":46,"column":8},"end":{"line":46,"column":68}},"2":{"start":{"line":47,"column":8},"end":{"line":47,"column":49}},"3":{"start":{"line":48,"column":8},"end":{"line":48,"column":72}},"4":{"start":{"line":49,"column":8},"end":{"line":49,"column":49}},"5":{"start":{"line":50,"column":8},"end":{"line":50,"column":35}},"6":{"start":{"line":55,"column":8},"end":{"line":55,"column":1545}},"7":{"start":{"line":60,"column":8},"end":{"line":60,"column":47}},"8":{"start":{"line":61,"column":8},"end":{"line":61,"column":1721}},"9":{"start":{"line":66,"column":8},"end":{"line":66,"column":1866}},"10":{"start":{"line":71,"column":8},"end":{"line":71,"column":2011}},"11":{"start":{"line":76,"column":8},"end":{"line":76,"column":2156}},"12":{"start":{"line":81,"column":8},"end":{"line":81,"column":2301}},"13":{"start":{"line":86,"column":8},"end":{"line":86,"column":2446}},"14":{"start":{"line":91,"column":8},"end":{"line":91,"column":2593}},"15":{"start":{"line":96,"column":8},"end":{"line":96,"column":2740}},"16":{"start":{"line":100,"column":8},"end":{"line":100,"column":2887}},"17":{"start":{"line":117,"column":8},"end":{"line":117,"column":27}},"18":{"start":{"line":118,"column":8},"end":{"line":118,"column":61}},"19":{"start":{"line":122,"column":8},"end":{"line":122,"column":42}},"20":{"start":{"line":124,"column":8},"end":{"line":124,"column":72}},"21":{"start":{"line":125,"column":8},"end":{"line":125,"column":48}},"22":{"start":{"line":126,"column":8},"end":{"line":126,"column":48}},"23":{"start":{"line":127,"column":8},"end":{"line":127,"column":67}},"24":{"start":{"line":128,"column":8},"end":{"line":128,"column":43}},"25":{"start":{"line":129,"column":8},"end":{"line":129,"column":38}},"26":{"start":{"line":130,"column":8},"end":{"line":130,"column":4178}},"27":{"start":{"line":131,"column":12},"end":{"line":131,"column":46}},"28":{"start":{"line":134,"column":12},"end":{"line":134,"column":4311}},"29":{"start":{"line":139,"column":12},"end":{"line":139,"column":4496}},"30":{"start":{"line":144,"column":12},"end":{"line":144,"column":4681}},"31":{"start":{"line":149,"column":12},"end":{"line":149,"column":4866}},"32":{"start":{"line":154,"column":12},"end":{"line":154,"column":5058}},"33":{"start":{"line":157,"column":12},"end":{"line":157,"column":56}},"34":{"start":{"line":163,"column":8},"end":{"line":163,"column":42}},"35":{"start":{"line":165,"column":8},"end":{"line":165,"column":5402}},"36":{"start":{"line":172,"column":8},"end":{"line":172,"column":70}},"37":{"start":{"line":174,"column":8},"end":{"line":174,"column":24}},"38":{"start":{"line":175,"column":8},"end":{"line":175,"column":5785}},"39":{"start":{"line":176,"column":12},"end":{"line":176,"column":5833}},"40":{"start":{"line":177,"column":16},"end":{"line":177,"column":23}},"41":{"start":{"line":182,"column":8},"end":{"line":182,"column":64}},"42":{"start":{"line":183,"column":8},"end":{"line":183,"column":6020}},"43":{"start":{"line":190,"column":8},"end":{"line":190,"column":60}},"44":{"start":{"line":192,"column":8},"end":{"line":192,"column":6252}},"45":{"start":{"line":196,"column":8},"end":{"line":196,"column":6389}},"46":{"start":{"line":200,"column":8},"end":{"line":200,"column":6526}},"47":{"start":{"line":204,"column":8},"end":{"line":204,"column":6663}},"48":{"start":{"line":209,"column":8},"end":{"line":209,"column":75}},"49":{"start":{"line":211,"column":8},"end":{"line":211,"column":6878}},"50":{"start":{"line":222,"column":8},"end":{"line":222,"column":42}},"51":{"start":{"line":224,"column":8},"end":{"line":224,"column":24}},"52":{"start":{"line":225,"column":8},"end":{"line":225,"column":7224}},"53":{"start":{"line":226,"column":12},"end":{"line":226,"column":7272}},"54":{"start":{"line":227,"column":16},"end":{"line":227,"column":23}},"55":{"start":{"line":231,"column":8},"end":{"line":231,"column":62}},"56":{"start":{"line":234,"column":8},"end":{"line":234,"column":7561}},"57":{"start":{"line":239,"column":8},"end":{"line":239,"column":76}},"58":{"start":{"line":241,"column":8},"end":{"line":241,"column":64}},"59":{"start":{"line":242,"column":8},"end":{"line":242,"column":7828}},"60":{"start":{"line":250,"column":8},"end":{"line":250,"column":27}},"61":{"start":{"line":254,"column":8},"end":{"line":254,"column":30}},"62":{"start":{"line":262,"column":8},"end":{"line":262,"column":8297}},"63":{"start":{"line":263,"column":12},"end":{"line":263,"column":8345}},"64":{"start":{"line":264,"column":16},"end":{"line":264,"column":24}},"65":{"start":{"line":267,"column":8},"end":{"line":267,"column":16}}},"branchMap":{"1":{"line":46,"type":"if","locations":[{"start":{"line":46,"column":8},"end":{"line":46,"column":8}},{"start":{"line":46,"column":8},"end":{"line":46,"column":8}}]},"2":{"line":55,"type":"if","locations":[{"start":{"line":55,"column":8},"end":{"line":55,"column":8}},{"start":{"line":55,"column":8},"end":{"line":55,"column":8}}]},"3":{"line":126,"type":"if","locations":[{"start":{"line":126,"column":8},"end":{"line":126,"column":8}},{"start":{"line":126,"column":8},"end":{"line":126,"column":8}}]},"4":{"line":127,"type":"if","locations":[{"start":{"line":127,"column":8},"end":{"line":127,"column":8}},{"start":{"line":127,"column":8},"end":{"line":127,"column":8}}]},"5":{"line":130,"type":"if","locations":[{"start":{"line":130,"column":8},"end":{"line":130,"column":8}},{"start":{"line":130,"column":8},"end":{"line":130,"column":8}}]},"6":{"line":165,"type":"if","locations":[{"start":{"line":165,"column":8},"end":{"line":165,"column":8}},{"start":{"line":165,"column":8},"end":{"line":165,"column":8}}]},"7":{"line":172,"type":"if","locations":[{"start":{"line":172,"column":8},"end":{"line":172,"column":8}},{"start":{"line":172,"column":8},"end":{"line":172,"column":8}}]},"8":{"line":176,"type":"if","locations":[{"start":{"line":176,"column":12},"end":{"line":176,"column":12}},{"start":{"line":176,"column":12},"end":{"line":176,"column":12}}]},"9":{"line":226,"type":"if","locations":[{"start":{"line":226,"column":12},"end":{"line":226,"column":12}},{"start":{"line":226,"column":12},"end":{"line":226,"column":12}}]},"10":{"line":231,"type":"if","locations":[{"start":{"line":231,"column":8},"end":{"line":231,"column":8}},{"start":{"line":231,"column":8},"end":{"line":231,"column":8}}]},"11":{"line":263,"type":"if","locations":[{"start":{"line":263,"column":12},"end":{"line":263,"column":12}},{"start":{"line":263,"column":12},"end":{"line":263,"column":12}}]}}},"contracts/QuestTools.sol":{"l":{"36":5,"38":4,"40":3,"42":3,"43":3,"44":3,"45":3,"49":6,"53":0,"57":32,"61":2,"65":7,"76":7,"77":7,"81":128,"92":128,"93":128,"100":21,"105":21,"106":19,"109":2,"120":2,"121":2,"130":18,"137":13,"140":5,"141":17,"145":2,"148":3,"155":6,"159":6,"163":6,"167":6,"175":29,"180":27,"185":27,"186":27,"187":48,"188":6,"191":48,"192":6,"196":27,"197":27,"198":48,"199":7,"201":48,"202":5,"214":27,"222":8,"223":6,"224":6,"225":6,"226":65,"227":65,"230":1},"path":"/Users/ale/Desktop/ForgottenQuests/contracts/QuestTools.sol","s":{"1":5,"2":4,"3":3,"4":3,"5":3,"6":3,"7":3,"8":6,"9":0,"10":32,"11":2,"12":7,"13":7,"14":7,"15":128,"16":128,"17":128,"18":21,"19":21,"20":19,"21":2,"22":2,"23":2,"24":18,"25":13,"26":5,"27":17,"28":2,"29":3,"30":6,"31":6,"32":6,"33":6,"34":29,"35":27,"36":27,"37":27,"38":48,"39":6,"40":48,"41":6,"42":27,"43":27,"44":48,"45":7,"46":48,"47":5,"48":27,"49":8,"50":6,"51":6,"52":6,"53":65,"54":65,"55":2,"56":1},"b":{"1":[4,1],"2":[3,1],"3":[19,2],"4":[13,5],"5":[2,15],"6":[27,2],"7":[6,42],"8":[6,42],"9":[7,41],"10":[5,43],"11":[6,2],"12":[1,1]},"f":{"1":5,"2":6,"3":0,"4":32,"5":2,"6":7,"7":128,"8":21,"9":18,"10":6,"11":29,"12":8},"fnMap":{"1":{"name":"initialize","line":30,"loc":{"start":{"line":30,"column":4},"end":{"line":46,"column":4}}},"2":{"name":"getWeth","line":48,"loc":{"start":{"line":48,"column":4},"end":{"line":50,"column":4}}},"3":{"name":"getSpells","line":52,"loc":{"start":{"line":52,"column":4},"end":{"line":54,"column":4}}},"4":{"name":"getWizards","line":56,"loc":{"start":{"line":56,"column":4},"end":{"line":58,"column":4}}},"5":{"name":"getGrimoire","line":60,"loc":{"start":{"line":60,"column":4},"end":{"line":62,"column":4}}},"6":{"name":"getRandomTrait","line":64,"loc":{"start":{"line":64,"column":4},"end":{"line":78,"column":4}}},"7":{"name":"getRandomAffinity","line":80,"loc":{"start":{"line":80,"column":4},"end":{"line":94,"column":4}}},"8":{"name":"getRandomAffinityFromTraits","line":96,"loc":{"start":{"line":96,"column":4},"end":{"line":122,"column":4}}},"9":{"name":"wizardHasOneOfTraits","line":124,"loc":{"start":{"line":124,"column":4},"end":{"line":149,"column":4}}},"10":{"name":"getQuestScore","line":151,"loc":{"start":{"line":151,"column":4},"end":{"line":168,"column":4}}},"11":{"name":"getQuestDuration","line":170,"loc":{"start":{"line":170,"column":4},"end":{"line":218,"column":4}}},"12":{"name":"sqrt","line":221,"loc":{"start":{"line":221,"column":4},"end":{"line":232,"column":4}}}},"statementMap":{"1":{"start":{"line":36,"column":8},"end":{"line":36,"column":59}},"2":{"start":{"line":38,"column":8},"end":{"line":38,"column":59}},"3":{"start":{"line":40,"column":8},"end":{"line":40,"column":25}},"4":{"start":{"line":42,"column":8},"end":{"line":42,"column":26}},"5":{"start":{"line":43,"column":8},"end":{"line":43,"column":31}},"6":{"start":{"line":44,"column":8},"end":{"line":44,"column":47}},"7":{"start":{"line":45,"column":8},"end":{"line":45,"column":33}},"8":{"start":{"line":49,"column":8},"end":{"line":49,"column":19}},"9":{"start":{"line":53,"column":8},"end":{"line":53,"column":21}},"10":{"start":{"line":57,"column":8},"end":{"line":57,"column":22}},"11":{"start":{"line":61,"column":8},"end":{"line":61,"column":28}},"12":{"start":{"line":65,"column":8},"end":{"line":65,"column":1828}},"13":{"start":{"line":76,"column":8},"end":{"line":76,"column":40}},"14":{"start":{"line":77,"column":8},"end":{"line":77,"column":18}},"15":{"start":{"line":81,"column":8},"end":{"line":81,"column":2294}},"16":{"start":{"line":92,"column":8},"end":{"line":92,"column":40}},"17":{"start":{"line":93,"column":8},"end":{"line":93,"column":18}},"18":{"start":{"line":100,"column":8},"end":{"line":100,"column":2819}},"19":{"start":{"line":105,"column":8},"end":{"line":105,"column":2987}},"20":{"start":{"line":106,"column":12},"end":{"line":106,"column":43}},"21":{"start":{"line":109,"column":8},"end":{"line":109,"column":3082}},"22":{"start":{"line":120,"column":8},"end":{"line":120,"column":54}},"23":{"start":{"line":121,"column":8},"end":{"line":121,"column":30}},"24":{"start":{"line":130,"column":8},"end":{"line":130,"column":3674}},"25":{"start":{"line":137,"column":12},"end":{"line":137,"column":23}},"26":{"start":{"line":140,"column":8},"end":{"line":140,"column":3907}},"27":{"start":{"line":141,"column":12},"end":{"line":141,"column":3969}},"28":{"start":{"line":145,"column":16},"end":{"line":145,"column":27}},"29":{"start":{"line":148,"column":8},"end":{"line":148,"column":20}},"30":{"start":{"line":155,"column":8},"end":{"line":155,"column":4404}},"31":{"start":{"line":159,"column":8},"end":{"line":159,"column":4594}},"32":{"start":{"line":163,"column":8},"end":{"line":163,"column":4719}},"33":{"start":{"line":167,"column":8},"end":{"line":167,"column":20}},"34":{"start":{"line":175,"column":8},"end":{"line":175,"column":5042}},"35":{"start":{"line":180,"column":8},"end":{"line":180,"column":5174}},"36":{"start":{"line":185,"column":8},"end":{"line":185,"column":41}},"37":{"start":{"line":186,"column":8},"end":{"line":186,"column":5385}},"38":{"start":{"line":187,"column":12},"end":{"line":187,"column":5452}},"39":{"start":{"line":188,"column":16},"end":{"line":188,"column":41}},"40":{"start":{"line":191,"column":12},"end":{"line":191,"column":5568}},"41":{"start":{"line":192,"column":16},"end":{"line":192,"column":41}},"42":{"start":{"line":196,"column":8},"end":{"line":196,"column":41}},"43":{"start":{"line":197,"column":8},"end":{"line":197,"column":5729}},"44":{"start":{"line":198,"column":12},"end":{"line":198,"column":5796}},"45":{"start":{"line":199,"column":16},"end":{"line":199,"column":41}},"46":{"start":{"line":201,"column":12},"end":{"line":201,"column":5911}},"47":{"start":{"line":202,"column":16},"end":{"line":202,"column":41}},"48":{"start":{"line":214,"column":8},"end":{"line":214,"column":6415}},"49":{"start":{"line":222,"column":8},"end":{"line":222,"column":6706}},"50":{"start":{"line":223,"column":12},"end":{"line":223,"column":16}},"51":{"start":{"line":224,"column":12},"end":{"line":224,"column":33}},"52":{"start":{"line":225,"column":12},"end":{"line":225,"column":6789}},"53":{"start":{"line":226,"column":16},"end":{"line":226,"column":20}},"54":{"start":{"line":227,"column":16},"end":{"line":227,"column":34}},"55":{"start":{"line":229,"column":15},"end":{"line":229,"column":6890}},"56":{"start":{"line":230,"column":12},"end":{"line":230,"column":16}}},"branchMap":{"1":{"line":36,"type":"if","locations":[{"start":{"line":36,"column":8},"end":{"line":36,"column":8}},{"start":{"line":36,"column":8},"end":{"line":36,"column":8}}]},"2":{"line":38,"type":"if","locations":[{"start":{"line":38,"column":8},"end":{"line":38,"column":8}},{"start":{"line":38,"column":8},"end":{"line":38,"column":8}}]},"3":{"line":105,"type":"if","locations":[{"start":{"line":105,"column":8},"end":{"line":105,"column":8}},{"start":{"line":105,"column":8},"end":{"line":105,"column":8}}]},"4":{"line":130,"type":"if","locations":[{"start":{"line":130,"column":8},"end":{"line":130,"column":8}},{"start":{"line":130,"column":8},"end":{"line":130,"column":8}}]},"5":{"line":141,"type":"if","locations":[{"start":{"line":141,"column":12},"end":{"line":141,"column":12}},{"start":{"line":141,"column":12},"end":{"line":141,"column":12}}]},"6":{"line":175,"type":"if","locations":[{"start":{"line":175,"column":8},"end":{"line":175,"column":8}},{"start":{"line":175,"column":8},"end":{"line":175,"column":8}}]},"7":{"line":187,"type":"if","locations":[{"start":{"line":187,"column":12},"end":{"line":187,"column":12}},{"start":{"line":187,"column":12},"end":{"line":187,"column":12}}]},"8":{"line":191,"type":"if","locations":[{"start":{"line":191,"column":12},"end":{"line":191,"column":12}},{"start":{"line":191,"column":12},"end":{"line":191,"column":12}}]},"9":{"line":198,"type":"if","locations":[{"start":{"line":198,"column":12},"end":{"line":198,"column":12}},{"start":{"line":198,"column":12},"end":{"line":198,"column":12}}]},"10":{"line":201,"type":"if","locations":[{"start":{"line":201,"column":12},"end":{"line":201,"column":12}},{"start":{"line":201,"column":12},"end":{"line":201,"column":12}}]},"11":{"line":222,"type":"if","locations":[{"start":{"line":222,"column":8},"end":{"line":222,"column":8}},{"start":{"line":222,"column":8},"end":{"line":222,"column":8}}]},"12":{"line":229,"type":"if","locations":[{"start":{"line":229,"column":15},"end":{"line":229,"column":15}},{"start":{"line":229,"column":15},"end":{"line":229,"column":15}}]}}}}